This is pdfTeX, Version 3.141592653-2.6-1.40.25 (TeX Live 2023) (preloaded format=pdflatex 2023.8.23)  11 FEB 2024 20:51
entering extended mode
 restricted \write18 enabled.
 %&-line parsing enabled.
**/Users/panoskolyvakis/vsprojects/BlogGenerator/docs/response.tex
(/Users/panoskolyvakis/vsprojects/BlogGenerator/docs/response.tex
LaTeX2e <2022-11-01> patch level 1
L3 programming layer <2023-02-22>
(/usr/local/texlive/2023basic/texmf-dist/tex/latex/base/article.cls
Document Class: article 2022/07/02 v1.4n Standard LaTeX document class
(/usr/local/texlive/2023basic/texmf-dist/tex/latex/base/size10.clo
File: size10.clo 2022/07/02 v1.4n Standard LaTeX file (size option)
)
\c@part=\count185
\c@section=\count186
\c@subsection=\count187
\c@subsubsection=\count188
\c@paragraph=\count189
\c@subparagraph=\count190
\c@figure=\count191
\c@table=\count192
\abovecaptionskip=\skip48
\belowcaptionskip=\skip49
\bibindent=\dimen140
)
(/usr/local/texlive/2023basic/texmf-dist/tex/latex/base/inputenc.sty
Package: inputenc 2021/02/14 v1.3d Input encoding file
\inpenc@prehook=\toks16
\inpenc@posthook=\toks17
)
(/usr/local/texlive/2023basic/texmf-dist/tex/generic/babel/babel.sty
Package: babel 2023/02/13 3.86 The Babel package
\babel@savecnt=\count193
\U@D=\dimen141
\l@unhyphenated=\language23

(/usr/local/texlive/2023basic/texmf-dist/tex/generic/babel/txtbabel.def)
\bbl@readstream=\read2
\bbl@dirlevel=\count194


! Package babel Error: Unknown option 'greek'. Either you misspelled it
(babel)                or the language definition file greek.ldf was not found.


See the babel package documentation for explanation.
Type  H <return>  for immediate help.
 ...                                              
                                                  
l.4373 \ProcessOptions*
                       
Valid options are, among others: shorthands=, KeepShorthandsActive,
activeacute, activegrave, noconfigs, safe=, main=, math=
headfoot=, strings=, config=, hyphenmap=, or a language name.

Package babel Info: You haven't specified a language as a class or package
(babel)             option. I'll load 'nil'. Reported on input line 4422.
(/usr/local/texlive/2023basic/texmf-dist/tex/generic/babel/nil.ldf
Language: nil 2023/02/13 3.86 Nil language
\l@nil=\language24
))
(/usr/local/texlive/2023basic/texmf-dist/tex/latex/l3backend/l3backend-pdftex.d
ef
File: l3backend-pdftex.def 2023-01-16 L3 backend support: PDF output (pdfTeX)
\l__color_backend_stack_int=\count195
\l__pdf_internal_box=\box51
) (./response.aux)
\openout1 = `response.aux'.

LaTeX Font Info:    Checking defaults for OML/cmm/m/it on input line 8.
LaTeX Font Info:    ... okay on input line 8.
LaTeX Font Info:    Checking defaults for OMS/cmsy/m/n on input line 8.
LaTeX Font Info:    ... okay on input line 8.
LaTeX Font Info:    Checking defaults for OT1/cmr/m/n on input line 8.
LaTeX Font Info:    ... okay on input line 8.
LaTeX Font Info:    Checking defaults for T1/cmr/m/n on input line 8.
LaTeX Font Info:    ... okay on input line 8.
LaTeX Font Info:    Checking defaults for TS1/cmr/m/n on input line 8.
LaTeX Font Info:    ... okay on input line 8.
LaTeX Font Info:    Checking defaults for OMX/cmex/m/n on input line 8.
LaTeX Font Info:    ... okay on input line 8.
LaTeX Font Info:    Checking defaults for U/cmr/m/n on input line 8.
LaTeX Font Info:    ... okay on input line 8.


! LaTeX Error: Unicode character Î‘ (U+0391)
               not set up for use with LaTeX.

See the LaTeX manual or LaTeX Companion for explanation.
Type  H <return>  for immediate help.
 ...                                              
                                                  
l.9 \maketitle
              
You may provide a definition with
\DeclareUnicodeCharacter 


! LaTeX Error: Unicode character Î½ (U+03BD)
               not set up for use with LaTeX.

See the LaTeX manual or LaTeX Companion for explanation.
Type  H <return>  for immediate help.
 ...                                              
                                                  
l.9 \maketitle
              
You may provide a definition with
\DeclareUnicodeCharacter 


! LaTeX Error: Unicode character Î¬ (U+03AC)
               not set up for use with LaTeX.

See the LaTeX manual or LaTeX Companion for explanation.
Type  H <return>  for immediate help.
 ...                                              
                                                  
l.9 \maketitle
              
You may provide a definition with
\DeclareUnicodeCharacter 


! LaTeX Error: Unicode character Î» (U+03BB)
               not set up for use with LaTeX.

See the LaTeX manual or LaTeX Companion for explanation.
Type  H <return>  for immediate help.
 ...                                              
                                                  
l.9 \maketitle
              
You may provide a definition with
\DeclareUnicodeCharacter 


! LaTeX Error: Unicode character Ï… (U+03C5)
               not set up for use with LaTeX.

See the LaTeX manual or LaTeX Companion for explanation.
Type  H <return>  for immediate help.
 ...                                              
                                                  
l.9 \maketitle
              
You may provide a definition with
\DeclareUnicodeCharacter 


! LaTeX Error: Unicode character Ïƒ (U+03C3)
               not set up for use with LaTeX.

See the LaTeX manual or LaTeX Companion for explanation.
Type  H <return>  for immediate help.
 ...                                              
                                                  
l.9 \maketitle
              
You may provide a definition with
\DeclareUnicodeCharacter 


! LaTeX Error: Unicode character Î· (U+03B7)
               not set up for use with LaTeX.

See the LaTeX manual or LaTeX Companion for explanation.
Type  H <return>  for immediate help.
 ...                                              
                                                  
l.9 \maketitle
              
You may provide a definition with
\DeclareUnicodeCharacter 


! LaTeX Error: Unicode character Îº (U+03BA)
               not set up for use with LaTeX.

See the LaTeX manual or LaTeX Companion for explanation.
Type  H <return>  for immediate help.
 ...                                              
                                                  
l.9 \maketitle
              
You may provide a definition with
\DeclareUnicodeCharacter 


! LaTeX Error: Unicode character Î± (U+03B1)
               not set up for use with LaTeX.

See the LaTeX manual or LaTeX Companion for explanation.
Type  H <return>  for immediate help.
 ...                                              
                                                  
l.9 \maketitle
              
You may provide a definition with
\DeclareUnicodeCharacter 


! LaTeX Error: Unicode character Î¹ (U+03B9)
               not set up for use with LaTeX.

See the LaTeX manual or LaTeX Companion for explanation.
Type  H <return>  for immediate help.
 ...                                              
                                                  
l.9 \maketitle
              
You may provide a definition with
\DeclareUnicodeCharacter 


! LaTeX Error: Unicode character Î£ (U+03A3)
               not set up for use with LaTeX.

See the LaTeX manual or LaTeX Companion for explanation.
Type  H <return>  for immediate help.
 ...                                              
                                                  
l.9 \maketitle
              
You may provide a definition with
\DeclareUnicodeCharacter 


! LaTeX Error: Unicode character Ï… (U+03C5)
               not set up for use with LaTeX.

See the LaTeX manual or LaTeX Companion for explanation.
Type  H <return>  for immediate help.
 ...                                              
                                                  
l.9 \maketitle
              
You may provide a definition with
\DeclareUnicodeCharacter 


! LaTeX Error: Unicode character Î¶ (U+03B6)
               not set up for use with LaTeX.

See the LaTeX manual or LaTeX Companion for explanation.
Type  H <return>  for immediate help.
 ...                                              
                                                  
l.9 \maketitle
              
You may provide a definition with
\DeclareUnicodeCharacter 


! LaTeX Error: Unicode character Î® (U+03AE)
               not set up for use with LaTeX.

See the LaTeX manual or LaTeX Companion for explanation.
Type  H <return>  for immediate help.
 ...                                              
                                                  
l.9 \maketitle
              
You may provide a definition with
\DeclareUnicodeCharacter 


! LaTeX Error: Unicode character Ï„ (U+03C4)
               not set up for use with LaTeX.

See the LaTeX manual or LaTeX Companion for explanation.
Type  H <return>  for immediate help.
 ...                                              
                                                  
l.9 \maketitle
              
You may provide a definition with
\DeclareUnicodeCharacter 


! LaTeX Error: Unicode character Î· (U+03B7)
               not set up for use with LaTeX.

See the LaTeX manual or LaTeX Companion for explanation.
Type  H <return>  for immediate help.
 ...                                              
                                                  
l.9 \maketitle
              
You may provide a definition with
\DeclareUnicodeCharacter 


! LaTeX Error: Unicode character Ïƒ (U+03C3)
               not set up for use with LaTeX.

See the LaTeX manual or LaTeX Companion for explanation.
Type  H <return>  for immediate help.
 ...                                              
                                                  
l.9 \maketitle
              
You may provide a definition with
\DeclareUnicodeCharacter 


! LaTeX Error: Unicode character Î· (U+03B7)
               not set up for use with LaTeX.

See the LaTeX manual or LaTeX Companion for explanation.
Type  H <return>  for immediate help.
 ...                                              
                                                  
l.9 \maketitle
              
You may provide a definition with
\DeclareUnicodeCharacter 


! LaTeX Error: Unicode character Î³ (U+03B3)
               not set up for use with LaTeX.

See the LaTeX manual or LaTeX Companion for explanation.
Type  H <return>  for immediate help.
 ...                                              
                                                  
l.9 \maketitle
              
You may provide a definition with
\DeclareUnicodeCharacter 


! LaTeX Error: Unicode character Î¹ (U+03B9)
               not set up for use with LaTeX.

See the LaTeX manual or LaTeX Companion for explanation.
Type  H <return>  for immediate help.
 ...                                              
                                                  
l.9 \maketitle
              
You may provide a definition with
\DeclareUnicodeCharacter 


! LaTeX Error: Unicode character Î± (U+03B1)
               not set up for use with LaTeX.

See the LaTeX manual or LaTeX Companion for explanation.
Type  H <return>  for immediate help.
 ...                                              
                                                  
l.9 \maketitle
              
You may provide a definition with
\DeclareUnicodeCharacter 


! LaTeX Error: Unicode character Î˜ (U+0398)
               not set up for use with LaTeX.

See the LaTeX manual or LaTeX Companion for explanation.
Type  H <return>  for immediate help.
 ...                                              
                                                  
l.9 \maketitle
              
You may provide a definition with
\DeclareUnicodeCharacter 


! LaTeX Error: Unicode character Î­ (U+03AD)
               not set up for use with LaTeX.

See the LaTeX manual or LaTeX Companion for explanation.
Type  H <return>  for immediate help.
 ...                                              
                                                  
l.9 \maketitle
              
You may provide a definition with
\DeclareUnicodeCharacter 


! LaTeX Error: Unicode character Î¼ (U+03BC)
               not set up for use with LaTeX.

See the LaTeX manual or LaTeX Companion for explanation.
Type  H <return>  for immediate help.
 ...                                              
                                                  
l.9 \maketitle
              
You may provide a definition with
\DeclareUnicodeCharacter 


! LaTeX Error: Unicode character Î± (U+03B1)
               not set up for use with LaTeX.

See the LaTeX manual or LaTeX Companion for explanation.
Type  H <return>  for immediate help.
 ...                                              
                                                  
l.9 \maketitle
              
You may provide a definition with
\DeclareUnicodeCharacter 


! LaTeX Error: Unicode character Ï„ (U+03C4)
               not set up for use with LaTeX.

See the LaTeX manual or LaTeX Companion for explanation.
Type  H <return>  for immediate help.
 ...                                              
                                                  
l.9 \maketitle
              
You may provide a definition with
\DeclareUnicodeCharacter 


! LaTeX Error: Unicode character Î± (U+03B1)
               not set up for use with LaTeX.

See the LaTeX manual or LaTeX Companion for explanation.
Type  H <return>  for immediate help.
 ...                                              
                                                  
l.9 \maketitle
              
You may provide a definition with
\DeclareUnicodeCharacter 


! LaTeX Error: Unicode character Îº (U+03BA)
               not set up for use with LaTeX.

See the LaTeX manual or LaTeX Companion for explanation.
Type  H <return>  for immediate help.
 ...                                              
                                                  
l.9 \maketitle
              
You may provide a definition with
\DeclareUnicodeCharacter 


! LaTeX Error: Unicode character Î± (U+03B1)
               not set up for use with LaTeX.

See the LaTeX manual or LaTeX Companion for explanation.
Type  H <return>  for immediate help.
 ...                                              
                                                  
l.9 \maketitle
              
You may provide a definition with
\DeclareUnicodeCharacter 


! LaTeX Error: Unicode character Î¹ (U+03B9)
               not set up for use with LaTeX.

See the LaTeX manual or LaTeX Companion for explanation.
Type  H <return>  for immediate help.
 ...                                              
                                                  
l.9 \maketitle
              
You may provide a definition with
\DeclareUnicodeCharacter 

LaTeX Font Info:    External font `cmex10' loaded for size
(Font)              <12> on input line 9.
LaTeX Font Info:    External font `cmex10' loaded for size
(Font)              <8> on input line 9.
LaTeX Font Info:    External font `cmex10' loaded for size
(Font)              <6> on input line 9.

! LaTeX Error: Unicode character Î• (U+0395)
               not set up for use with LaTeX.

See the LaTeX manual or LaTeX Companion for explanation.
Type  H <return>  for immediate help.
 ...                                              
                                                  
l.11 \section{Î•Î¹ÏƒÎ±Î³Ï‰Î³Î®}
                               
You may provide a definition with
\DeclareUnicodeCharacter 


! LaTeX Error: Unicode character Î¹ (U+03B9)
               not set up for use with LaTeX.

See the LaTeX manual or LaTeX Companion for explanation.
Type  H <return>  for immediate help.
 ...                                              
                                                  
l.11 \section{Î•Î¹ÏƒÎ±Î³Ï‰Î³Î®}
                               
You may provide a definition with
\DeclareUnicodeCharacter 


! LaTeX Error: Unicode character Ïƒ (U+03C3)
               not set up for use with LaTeX.

See the LaTeX manual or LaTeX Companion for explanation.
Type  H <return>  for immediate help.
 ...                                              
                                                  
l.11 \section{Î•Î¹ÏƒÎ±Î³Ï‰Î³Î®}
                               
You may provide a definition with
\DeclareUnicodeCharacter 


! LaTeX Error: Unicode character Î± (U+03B1)
               not set up for use with LaTeX.

See the LaTeX manual or LaTeX Companion for explanation.
Type  H <return>  for immediate help.
 ...                                              
                                                  
l.11 \section{Î•Î¹ÏƒÎ±Î³Ï‰Î³Î®}
                               
You may provide a definition with
\DeclareUnicodeCharacter 


! LaTeX Error: Unicode character Î³ (U+03B3)
               not set up for use with LaTeX.

See the LaTeX manual or LaTeX Companion for explanation.
Type  H <return>  for immediate help.
 ...                                              
                                                  
l.11 \section{Î•Î¹ÏƒÎ±Î³Ï‰Î³Î®}
                               
You may provide a definition with
\DeclareUnicodeCharacter 


! LaTeX Error: Unicode character Ï‰ (U+03C9)
               not set up for use with LaTeX.

See the LaTeX manual or LaTeX Companion for explanation.
Type  H <return>  for immediate help.
 ...                                              
                                                  
l.11 \section{Î•Î¹ÏƒÎ±Î³Ï‰Î³Î®}
                               
You may provide a definition with
\DeclareUnicodeCharacter 


! LaTeX Error: Unicode character Î³ (U+03B3)
               not set up for use with LaTeX.

See the LaTeX manual or LaTeX Companion for explanation.
Type  H <return>  for immediate help.
 ...                                              
                                                  
l.11 \section{Î•Î¹ÏƒÎ±Î³Ï‰Î³Î®}
                               
You may provide a definition with
\DeclareUnicodeCharacter 


! LaTeX Error: Unicode character Î® (U+03AE)
               not set up for use with LaTeX.

See the LaTeX manual or LaTeX Companion for explanation.
Type  H <return>  for immediate help.
 ...                                              
                                                  
l.11 \section{Î•Î¹ÏƒÎ±Î³Ï‰Î³Î®}
                               
You may provide a definition with
\DeclareUnicodeCharacter 


! LaTeX Error: Unicode character Î  (U+03A0)
               not set up for use with LaTeX.

See the LaTeX manual or LaTeX Companion for explanation.
Type  H <return>  for immediate help.
 ...                                              
                                                  
l.13 Î 
       Î±ÏÎ¬ Ï„Î· ÏˆÎ·Ï†Î¹Î±ÎºÎ® Î±Ï€ÏŒÏƒÏ„Î±ÏƒÎ· Ï€Î¿Ï… Î´Î¹Î±Ï‡Ï‰ÏÎ¯Î¶Îµ...

You may provide a definition with
\DeclareUnicodeCharacter 


! LaTeX Error: Unicode character Î± (U+03B1)
               not set up for use with LaTeX.

See the LaTeX manual or LaTeX Companion for explanation.
Type  H <return>  for immediate help.
 ...                                              
                                                  
l.13 Î Î±
         ÏÎ¬ Ï„Î· ÏˆÎ·Ï†Î¹Î±ÎºÎ® Î±Ï€ÏŒÏƒÏ„Î±ÏƒÎ· Ï€Î¿Ï… Î´Î¹Î±Ï‡Ï‰ÏÎ¯Î¶Îµ...

You may provide a definition with
\DeclareUnicodeCharacter 


! LaTeX Error: Unicode character Ï (U+03C1)
               not set up for use with LaTeX.

See the LaTeX manual or LaTeX Companion for explanation.
Type  H <return>  for immediate help.
 ...                                              
                                                  
l.13 Î Î±Ï
           Î¬ Ï„Î· ÏˆÎ·Ï†Î¹Î±ÎºÎ® Î±Ï€ÏŒÏƒÏ„Î±ÏƒÎ· Ï€Î¿Ï… Î´Î¹Î±Ï‡Ï‰ÏÎ¯Î¶Îµ...

You may provide a definition with
\DeclareUnicodeCharacter 


! LaTeX Error: Unicode character Î¬ (U+03AC)
               not set up for use with LaTeX.

See the LaTeX manual or LaTeX Companion for explanation.
Type  H <return>  for immediate help.
 ...                                              
                                                  
l.13 Î Î±ÏÎ¬
              Ï„Î· ÏˆÎ·Ï†Î¹Î±ÎºÎ® Î±Ï€ÏŒÏƒÏ„Î±ÏƒÎ· Ï€Î¿Ï… Î´Î¹Î±Ï‡Ï‰ÏÎ¯Î¶Îµ...

You may provide a definition with
\DeclareUnicodeCharacter 


! LaTeX Error: Unicode character Ï„ (U+03C4)
               not set up for use with LaTeX.

See the LaTeX manual or LaTeX Companion for explanation.
Type  H <return>  for immediate help.
 ...                                              
                                                  
l.13 Î Î±ÏÎ¬ Ï„
                Î· ÏˆÎ·Ï†Î¹Î±ÎºÎ® Î±Ï€ÏŒÏƒÏ„Î±ÏƒÎ· Ï€Î¿Ï… Î´Î¹Î±Ï‡Ï‰ÏÎ¯Î¶Îµ...

You may provide a definition with
\DeclareUnicodeCharacter 


! LaTeX Error: Unicode character Î· (U+03B7)
               not set up for use with LaTeX.

See the LaTeX manual or LaTeX Companion for explanation.
Type  H <return>  for immediate help.
 ...                                              
                                                  
l.13 Î Î±ÏÎ¬ Ï„Î·
                   ÏˆÎ·Ï†Î¹Î±ÎºÎ® Î±Ï€ÏŒÏƒÏ„Î±ÏƒÎ· Ï€Î¿Ï… Î´Î¹Î±Ï‡Ï‰ÏÎ¯Î¶Îµ...

You may provide a definition with
\DeclareUnicodeCharacter 


! LaTeX Error: Unicode character Ïˆ (U+03C8)
               not set up for use with LaTeX.

See the LaTeX manual or LaTeX Companion for explanation.
Type  H <return>  for immediate help.
 ...                                              
                                                  
l.13 Î Î±ÏÎ¬ Ï„Î· Ïˆ
                     Î·Ï†Î¹Î±ÎºÎ® Î±Ï€ÏŒÏƒÏ„Î±ÏƒÎ· Ï€Î¿Ï… Î´Î¹Î±Ï‡Ï‰ÏÎ¯Î¶Îµ...

You may provide a definition with
\DeclareUnicodeCharacter 


! LaTeX Error: Unicode character Î· (U+03B7)
               not set up for use with LaTeX.

See the LaTeX manual or LaTeX Companion for explanation.
Type  H <return>  for immediate help.
 ...                                              
                                                  
l.13 Î Î±ÏÎ¬ Ï„Î· ÏˆÎ·
                       Ï†Î¹Î±ÎºÎ® Î±Ï€ÏŒÏƒÏ„Î±ÏƒÎ· Ï€Î¿Ï… Î´Î¹Î±Ï‡Ï‰ÏÎ¯Î¶Îµ...

You may provide a definition with
\DeclareUnicodeCharacter 


! LaTeX Error: Unicode character Ï† (U+03C6)
               not set up for use with LaTeX.

See the LaTeX manual or LaTeX Companion for explanation.
Type  H <return>  for immediate help.
 ...                                              
                                                  
l.13 Î Î±ÏÎ¬ Ï„Î· ÏˆÎ·Ï†
                         Î¹Î±ÎºÎ® Î±Ï€ÏŒÏƒÏ„Î±ÏƒÎ· Ï€Î¿Ï… Î´Î¹Î±Ï‡Ï‰ÏÎ¯Î¶Îµ...

You may provide a definition with
\DeclareUnicodeCharacter 


! LaTeX Error: Unicode character Î¹ (U+03B9)
               not set up for use with LaTeX.

See the LaTeX manual or LaTeX Companion for explanation.
Type  H <return>  for immediate help.
 ...                                              
                                                  
l.13 Î Î±ÏÎ¬ Ï„Î· ÏˆÎ·Ï†Î¹
                           Î±ÎºÎ® Î±Ï€ÏŒÏƒÏ„Î±ÏƒÎ· Ï€Î¿Ï… Î´Î¹Î±Ï‡Ï‰ÏÎ¯Î¶Îµ...

You may provide a definition with
\DeclareUnicodeCharacter 


! LaTeX Error: Unicode character Î± (U+03B1)
               not set up for use with LaTeX.

See the LaTeX manual or LaTeX Companion for explanation.
Type  H <return>  for immediate help.
 ...                                              
                                                  
l.13 Î Î±ÏÎ¬ Ï„Î· ÏˆÎ·Ï†Î¹Î±
                             ÎºÎ® Î±Ï€ÏŒÏƒÏ„Î±ÏƒÎ· Ï€Î¿Ï… Î´Î¹Î±Ï‡Ï‰ÏÎ¯Î¶Îµ...

You may provide a definition with
\DeclareUnicodeCharacter 


! LaTeX Error: Unicode character Îº (U+03BA)
               not set up for use with LaTeX.

See the LaTeX manual or LaTeX Companion for explanation.
Type  H <return>  for immediate help.
 ...                                              
                                                  
l.13 Î Î±ÏÎ¬ Ï„Î· ÏˆÎ·Ï†Î¹Î±Îº
                               Î® Î±Ï€ÏŒÏƒÏ„Î±ÏƒÎ· Ï€Î¿Ï… Î´Î¹Î±Ï‡Ï‰ÏÎ¯Î¶Îµ...

You may provide a definition with
\DeclareUnicodeCharacter 


! LaTeX Error: Unicode character Î® (U+03AE)
               not set up for use with LaTeX.

See the LaTeX manual or LaTeX Companion for explanation.
Type  H <return>  for immediate help.
 ...                                              
                                                  
l.13 Î Î±ÏÎ¬ Ï„Î· ÏˆÎ·Ï†Î¹Î±ÎºÎ®
                                  Î±Ï€ÏŒÏƒÏ„Î±ÏƒÎ· Ï€Î¿Ï… Î´Î¹Î±Ï‡Ï‰ÏÎ¯Î¶Îµ...

You may provide a definition with
\DeclareUnicodeCharacter 


! LaTeX Error: Unicode character Î± (U+03B1)
               not set up for use with LaTeX.

See the LaTeX manual or LaTeX Companion for explanation.
Type  H <return>  for immediate help.
 ...                                              
                                                  
l.13 Î Î±ÏÎ¬ Ï„Î· ÏˆÎ·Ï†Î¹Î±ÎºÎ® Î±
                                    Ï€ÏŒÏƒÏ„Î±ÏƒÎ· Ï€Î¿Ï… Î´Î¹Î±Ï‡Ï‰ÏÎ¯Î¶Îµ...

You may provide a definition with
\DeclareUnicodeCharacter 


! LaTeX Error: Unicode character Ï€ (U+03C0)
               not set up for use with LaTeX.

See the LaTeX manual or LaTeX Companion for explanation.
Type  H <return>  for immediate help.
 ...                                              
                                                  
l.13 Î Î±ÏÎ¬ Ï„Î· ÏˆÎ·Ï†Î¹Î±ÎºÎ® Î±Ï€
                                      ÏŒÏƒÏ„Î±ÏƒÎ· Ï€Î¿Ï… Î´Î¹Î±Ï‡Ï‰ÏÎ¯Î¶Îµ...

You may provide a definition with
\DeclareUnicodeCharacter 


! LaTeX Error: Unicode character ÏŒ (U+03CC)
               not set up for use with LaTeX.

See the LaTeX manual or LaTeX Companion for explanation.
Type  H <return>  for immediate help.
 ...                                              
                                                  
l.13 Î Î±ÏÎ¬ Ï„Î· ÏˆÎ·Ï†Î¹Î±ÎºÎ® Î±Ï€ÏŒ
                                        ÏƒÏ„Î±ÏƒÎ· Ï€Î¿Ï… Î´Î¹Î±Ï‡Ï‰ÏÎ¯Î¶Îµ...

You may provide a definition with
\DeclareUnicodeCharacter 


! LaTeX Error: Unicode character Ïƒ (U+03C3)
               not set up for use with LaTeX.

See the LaTeX manual or LaTeX Companion for explanation.
Type  H <return>  for immediate help.
 ...                                              
                                                  
l.13 Î Î±ÏÎ¬ Ï„Î· ÏˆÎ·Ï†Î¹Î±ÎºÎ® Î±Ï€ÏŒÏƒ
                                          Ï„Î±ÏƒÎ· Ï€Î¿Ï… Î´Î¹Î±Ï‡Ï‰ÏÎ¯Î¶Îµ...

You may provide a definition with
\DeclareUnicodeCharacter 


! LaTeX Error: Unicode character Ï„ (U+03C4)
               not set up for use with LaTeX.

See the LaTeX manual or LaTeX Companion for explanation.
Type  H <return>  for immediate help.
 ...                                              
                                                  
l.13 Î Î±ÏÎ¬ Ï„Î· ÏˆÎ·Ï†Î¹Î±ÎºÎ® Î±Ï€ÏŒÏƒÏ„
                                            Î±ÏƒÎ· Ï€Î¿Ï… Î´Î¹Î±Ï‡Ï‰ÏÎ¯Î¶Îµ...

You may provide a definition with
\DeclareUnicodeCharacter 


! LaTeX Error: Unicode character Î± (U+03B1)
               not set up for use with LaTeX.

See the LaTeX manual or LaTeX Companion for explanation.
Type  H <return>  for immediate help.
 ...                                              
                                                  
l.13 Î Î±ÏÎ¬ Ï„Î· ÏˆÎ·Ï†Î¹Î±ÎºÎ® Î±Ï€ÏŒÏƒÏ„Î±
                                              ÏƒÎ· Ï€Î¿Ï… Î´Î¹Î±Ï‡Ï‰ÏÎ¯Î¶Îµ...

You may provide a definition with
\DeclareUnicodeCharacter 


! LaTeX Error: Unicode character Ïƒ (U+03C3)
               not set up for use with LaTeX.

See the LaTeX manual or LaTeX Companion for explanation.
Type  H <return>  for immediate help.
 ...                                              
                                                  
l.13 Î Î±ÏÎ¬ Ï„Î· ÏˆÎ·Ï†Î¹Î±ÎºÎ® Î±Ï€ÏŒÏƒÏ„Î±Ïƒ
                                                Î· Ï€Î¿Ï… Î´Î¹Î±Ï‡Ï‰ÏÎ¯Î¶Îµ...

You may provide a definition with
\DeclareUnicodeCharacter 


! LaTeX Error: Unicode character Î· (U+03B7)
               not set up for use with LaTeX.

See the LaTeX manual or LaTeX Companion for explanation.
Type  H <return>  for immediate help.
 ...                                              
                                                  
l.13 Î Î±ÏÎ¬ Ï„Î· ÏˆÎ·Ï†Î¹Î±ÎºÎ® Î±Ï€ÏŒÏƒÏ„Î±ÏƒÎ·
                                                   Ï€Î¿Ï… Î´Î¹Î±Ï‡Ï‰ÏÎ¯Î¶Îµ...

You may provide a definition with
\DeclareUnicodeCharacter 


! LaTeX Error: Unicode character Ï€ (U+03C0)
               not set up for use with LaTeX.

See the LaTeX manual or LaTeX Companion for explanation.
Type  H <return>  for immediate help.
 ...                                              
                                                  
l.13 ...Î¬ Ï„Î· ÏˆÎ·Ï†Î¹Î±ÎºÎ® Î±Ï€ÏŒÏƒÏ„Î±ÏƒÎ· Ï€
                                                  Î¿Ï… Î´Î¹Î±Ï‡Ï‰ÏÎ¯Î¶ÎµÎ¹ ...

You may provide a definition with
\DeclareUnicodeCharacter 


! LaTeX Error: Unicode character Î¿ (U+03BF)
               not set up for use with LaTeX.

See the LaTeX manual or LaTeX Companion for explanation.
Type  H <return>  for immediate help.
 ...                                              
                                                  
l.13 ... Ï„Î· ÏˆÎ·Ï†Î¹Î±ÎºÎ® Î±Ï€ÏŒÏƒÏ„Î±ÏƒÎ· Ï€Î¿
                                                  Ï… Î´Î¹Î±Ï‡Ï‰ÏÎ¯Î¶ÎµÎ¹ Ï„...

You may provide a definition with
\DeclareUnicodeCharacter 


! LaTeX Error: Unicode character Ï… (U+03C5)
               not set up for use with LaTeX.

See the LaTeX manual or LaTeX Companion for explanation.
Type  H <return>  for immediate help.
 ...                                              
                                                  
l.13 ...„Î· ÏˆÎ·Ï†Î¹Î±ÎºÎ® Î±Ï€ÏŒÏƒÏ„Î±ÏƒÎ· Ï€Î¿Ï…
                                                   Î´Î¹Î±Ï‡Ï‰ÏÎ¯Î¶ÎµÎ¹ Ï„Î¿...

You may provide a definition with
\DeclareUnicodeCharacter 


! LaTeX Error: Unicode character Î´ (U+03B4)
               not set up for use with LaTeX.

See the LaTeX manual or LaTeX Companion for explanation.
Type  H <return>  for immediate help.
 ...                                              
                                                  
l.13 ... ÏˆÎ·Ï†Î¹Î±ÎºÎ® Î±Ï€ÏŒÏƒÏ„Î±ÏƒÎ· Ï€Î¿Ï… Î´
                                                  Î¹Î±Ï‡Ï‰ÏÎ¯Î¶ÎµÎ¹ Ï„Î¿Ï…Ï...

You may provide a definition with
\DeclareUnicodeCharacter 


! LaTeX Error: Unicode character Î¹ (U+03B9)
               not set up for use with LaTeX.

See the LaTeX manual or LaTeX Companion for explanation.
Type  H <return>  for immediate help.
 ...                                              
                                                  
l.13 ...ˆÎ·Ï†Î¹Î±ÎºÎ® Î±Ï€ÏŒÏƒÏ„Î±ÏƒÎ· Ï€Î¿Ï… Î´Î¹
                                                  Î±Ï‡Ï‰ÏÎ¯Î¶ÎµÎ¹ Ï„Î¿Ï…Ï‚ ...

You may provide a definition with
\DeclareUnicodeCharacter 


! LaTeX Error: Unicode character Î± (U+03B1)
               not set up for use with LaTeX.

See the LaTeX manual or LaTeX Companion for explanation.
Type  H <return>  for immediate help.
 ...                                              
                                                  
l.13 ...·Ï†Î¹Î±ÎºÎ® Î±Ï€ÏŒÏƒÏ„Î±ÏƒÎ· Ï€Î¿Ï… Î´Î¹Î±
                                                  Ï‡Ï‰ÏÎ¯Î¶ÎµÎ¹ Ï„Î¿Ï…Ï‚ Ï‡...

You may provide a definition with
\DeclareUnicodeCharacter 


! LaTeX Error: Unicode character Ï‡ (U+03C7)
               not set up for use with LaTeX.

See the LaTeX manual or LaTeX Companion for explanation.
Type  H <return>  for immediate help.
 ...                                              
                                                  
l.13 ...†Î¹Î±ÎºÎ® Î±Ï€ÏŒÏƒÏ„Î±ÏƒÎ· Ï€Î¿Ï… Î´Î¹Î±Ï‡
                                                  Ï‰ÏÎ¯Î¶ÎµÎ¹ Ï„Î¿Ï…Ï‚ Ï‡Ï...

You may provide a definition with
\DeclareUnicodeCharacter 


! LaTeX Error: Unicode character Ï‰ (U+03C9)
               not set up for use with LaTeX.

See the LaTeX manual or LaTeX Companion for explanation.
Type  H <return>  for immediate help.
 ...                                              
                                                  
l.13 ...¹Î±ÎºÎ® Î±Ï€ÏŒÏƒÏ„Î±ÏƒÎ· Ï€Î¿Ï… Î´Î¹Î±Ï‡Ï‰
                                                  ÏÎ¯Î¶ÎµÎ¹ Ï„Î¿Ï…Ï‚ Ï‡ÏÎ®...

You may provide a definition with
\DeclareUnicodeCharacter 


! LaTeX Error: Unicode character Ï (U+03C1)
               not set up for use with LaTeX.

See the LaTeX manual or LaTeX Companion for explanation.
Type  H <return>  for immediate help.
 ...                                              
                                                  
l.13 ...±ÎºÎ® Î±Ï€ÏŒÏƒÏ„Î±ÏƒÎ· Ï€Î¿Ï… Î´Î¹Î±Ï‡Ï‰Ï
                                                  Î¯Î¶ÎµÎ¹ Ï„Î¿Ï…Ï‚ Ï‡ÏÎ®Ïƒ...

You may provide a definition with
\DeclareUnicodeCharacter 


! LaTeX Error: Unicode character Î¯ (U+03AF)
               not set up for use with LaTeX.

See the LaTeX manual or LaTeX Companion for explanation.
Type  H <return>  for immediate help.
 ...                                              
                                                  
l.13 ...ºÎ® Î±Ï€ÏŒÏƒÏ„Î±ÏƒÎ· Ï€Î¿Ï… Î´Î¹Î±Ï‡Ï‰ÏÎ¯
                                                  Î¶ÎµÎ¹ Ï„Î¿Ï…Ï‚ Ï‡ÏÎ®ÏƒÏ„...

You may provide a definition with
\DeclareUnicodeCharacter 


! LaTeX Error: Unicode character Î¶ (U+03B6)
               not set up for use with LaTeX.

See the LaTeX manual or LaTeX Companion for explanation.
Type  H <return>  for immediate help.
 ...                                              
                                                  
l.13 ...® Î±Ï€ÏŒÏƒÏ„Î±ÏƒÎ· Ï€Î¿Ï… Î´Î¹Î±Ï‡Ï‰ÏÎ¯Î¶
                                                  ÎµÎ¹ Ï„Î¿Ï…Ï‚ Ï‡ÏÎ®ÏƒÏ„Îµ...

You may provide a definition with
\DeclareUnicodeCharacter 


! LaTeX Error: Unicode character Îµ (U+03B5)
               not set up for use with LaTeX.

See the LaTeX manual or LaTeX Companion for explanation.
Type  H <return>  for immediate help.
 ...                                              
                                                  
l.13 ...Î±Ï€ÏŒÏƒÏ„Î±ÏƒÎ· Ï€Î¿Ï… Î´Î¹Î±Ï‡Ï‰ÏÎ¯Î¶Îµ
                                                  Î¹ Ï„Î¿Ï…Ï‚ Ï‡ÏÎ®ÏƒÏ„ÎµÏ‚...

You may provide a definition with
\DeclareUnicodeCharacter 


! LaTeX Error: Unicode character Î¹ (U+03B9)
               not set up for use with LaTeX.

See the LaTeX manual or LaTeX Companion for explanation.
Type  H <return>  for immediate help.
 ...                                              
                                                  
l.13 ...Ï€ÏŒÏƒÏ„Î±ÏƒÎ· Ï€Î¿Ï… Î´Î¹Î±Ï‡Ï‰ÏÎ¯Î¶ÎµÎ¹
                                                   Ï„Î¿Ï…Ï‚ Ï‡ÏÎ®ÏƒÏ„ÎµÏ‚, ...

You may provide a definition with
\DeclareUnicodeCharacter 


! LaTeX Error: Unicode character Ï„ (U+03C4)
               not set up for use with LaTeX.

See the LaTeX manual or LaTeX Companion for explanation.
Type  H <return>  for immediate help.
 ...                                              
                                                  
l.13 ...ŒÏƒÏ„Î±ÏƒÎ· Ï€Î¿Ï… Î´Î¹Î±Ï‡Ï‰ÏÎ¯Î¶ÎµÎ¹ Ï„
                                                  Î¿Ï…Ï‚ Ï‡ÏÎ®ÏƒÏ„ÎµÏ‚, Î· ...

You may provide a definition with
\DeclareUnicodeCharacter 


! LaTeX Error: Unicode character Î¿ (U+03BF)
               not set up for use with LaTeX.

See the LaTeX manual or LaTeX Companion for explanation.
Type  H <return>  for immediate help.
 ...                                              
                                                  
l.13 ...ƒÏ„Î±ÏƒÎ· Ï€Î¿Ï… Î´Î¹Î±Ï‡Ï‰ÏÎ¯Î¶ÎµÎ¹ Ï„Î¿
                                                  Ï…Ï‚ Ï‡ÏÎ®ÏƒÏ„ÎµÏ‚, Î· Ï€...

You may provide a definition with
\DeclareUnicodeCharacter 


! LaTeX Error: Unicode character Ï… (U+03C5)
               not set up for use with LaTeX.

See the LaTeX manual or LaTeX Companion for explanation.
Type  H <return>  for immediate help.
 ...                                              
                                                  
l.13 ...„Î±ÏƒÎ· Ï€Î¿Ï… Î´Î¹Î±Ï‡Ï‰ÏÎ¯Î¶ÎµÎ¹ Ï„Î¿Ï…
                                                  Ï‚ Ï‡ÏÎ®ÏƒÏ„ÎµÏ‚, Î· Ï€Î»...

You may provide a definition with
\DeclareUnicodeCharacter 


! LaTeX Error: Unicode character Ï‚ (U+03C2)
               not set up for use with LaTeX.

See the LaTeX manual or LaTeX Companion for explanation.
Type  H <return>  for immediate help.
 ...                                              
                                                  
l.13 ...±ÏƒÎ· Ï€Î¿Ï… Î´Î¹Î±Ï‡Ï‰ÏÎ¯Î¶ÎµÎ¹ Ï„Î¿Ï…Ï‚
                                                   Ï‡ÏÎ®ÏƒÏ„ÎµÏ‚, Î· Ï€Î»Î±...

You may provide a definition with
\DeclareUnicodeCharacter 


! LaTeX Error: Unicode character Ï‡ (U+03C7)
               not set up for use with LaTeX.

See the LaTeX manual or LaTeX Companion for explanation.
Type  H <return>  for immediate help.
 ...                                              
                                                  
l.13 ...Î· Ï€Î¿Ï… Î´Î¹Î±Ï‡Ï‰ÏÎ¯Î¶ÎµÎ¹ Ï„Î¿Ï…Ï‚ Ï‡
                                                  ÏÎ®ÏƒÏ„ÎµÏ‚, Î· Ï€Î»Î±Ï„Ï...

You may provide a definition with
\DeclareUnicodeCharacter 


! LaTeX Error: Unicode character Ï (U+03C1)
               not set up for use with LaTeX.

See the LaTeX manual or LaTeX Companion for explanation.
Type  H <return>  for immediate help.
 ...                                              
                                                  
l.13 ... Ï€Î¿Ï… Î´Î¹Î±Ï‡Ï‰ÏÎ¯Î¶ÎµÎ¹ Ï„Î¿Ï…Ï‚ Ï‡Ï
                                                  Î®ÏƒÏ„ÎµÏ‚, Î· Ï€Î»Î±Ï„Ï†Ï...

You may provide a definition with
\DeclareUnicodeCharacter 


! LaTeX Error: Unicode character Î® (U+03AE)
               not set up for use with LaTeX.

See the LaTeX manual or LaTeX Companion for explanation.
Type  H <return>  for immediate help.
 ...                                              
                                                  
l.13 ...€Î¿Ï… Î´Î¹Î±Ï‡Ï‰ÏÎ¯Î¶ÎµÎ¹ Ï„Î¿Ï…Ï‚ Ï‡ÏÎ®
                                                  ÏƒÏ„ÎµÏ‚, Î· Ï€Î»Î±Ï„Ï†ÏŒÏ...

You may provide a definition with
\DeclareUnicodeCharacter 


! LaTeX Error: Unicode character Ïƒ (U+03C3)
               not set up for use with LaTeX.

See the LaTeX manual or LaTeX Companion for explanation.
Type  H <return>  for immediate help.
 ...                                              
                                                  
l.13 ...¿Ï… Î´Î¹Î±Ï‡Ï‰ÏÎ¯Î¶ÎµÎ¹ Ï„Î¿Ï…Ï‚ Ï‡ÏÎ®Ïƒ
                                                  Ï„ÎµÏ‚, Î· Ï€Î»Î±Ï„Ï†ÏŒÏÎ...

You may provide a definition with
\DeclareUnicodeCharacter 


! LaTeX Error: Unicode character Ï„ (U+03C4)
               not set up for use with LaTeX.

See the LaTeX manual or LaTeX Companion for explanation.
Type  H <return>  for immediate help.
 ...                                              
                                                  
l.13 ...… Î´Î¹Î±Ï‡Ï‰ÏÎ¯Î¶ÎµÎ¹ Ï„Î¿Ï…Ï‚ Ï‡ÏÎ®ÏƒÏ„
                                                  ÎµÏ‚, Î· Ï€Î»Î±Ï„Ï†ÏŒÏÎ¼Î...

You may provide a definition with
\DeclareUnicodeCharacter 


! LaTeX Error: Unicode character Îµ (U+03B5)
               not set up for use with LaTeX.

See the LaTeX manual or LaTeX Companion for explanation.
Type  H <return>  for immediate help.
 ...                                              
                                                  
l.13 ...Î´Î¹Î±Ï‡Ï‰ÏÎ¯Î¶ÎµÎ¹ Ï„Î¿Ï…Ï‚ Ï‡ÏÎ®ÏƒÏ„Îµ
                                                  Ï‚, Î· Ï€Î»Î±Ï„Ï†ÏŒÏÎ¼Î± ...

You may provide a definition with
\DeclareUnicodeCharacter 


! LaTeX Error: Unicode character Ï‚ (U+03C2)
               not set up for use with LaTeX.

See the LaTeX manual or LaTeX Companion for explanation.
Type  H <return>  for immediate help.
 ...                                              
                                                  
l.13 ...Î¹Î±Ï‡Ï‰ÏÎ¯Î¶ÎµÎ¹ Ï„Î¿Ï…Ï‚ Ï‡ÏÎ®ÏƒÏ„ÎµÏ‚
                                                  , Î· Ï€Î»Î±Ï„Ï†ÏŒÏÎ¼Î± Re...

You may provide a definition with
\DeclareUnicodeCharacter 


! LaTeX Error: Unicode character Î· (U+03B7)
               not set up for use with LaTeX.

See the LaTeX manual or LaTeX Companion for explanation.
Type  H <return>  for immediate help.
 ...                                              
                                                  
l.13 ...Ï‡Ï‰ÏÎ¯Î¶ÎµÎ¹ Ï„Î¿Ï…Ï‚ Ï‡ÏÎ®ÏƒÏ„ÎµÏ‚, Î·
                                                   Ï€Î»Î±Ï„Ï†ÏŒÏÎ¼Î± Reddit...

You may provide a definition with
\DeclareUnicodeCharacter 


! LaTeX Error: Unicode character Ï€ (U+03C0)
               not set up for use with LaTeX.

See the LaTeX manual or LaTeX Companion for explanation.
Type  H <return>  for immediate help.
 ...                                              
                                                  
l.13 ...‰ÏÎ¯Î¶ÎµÎ¹ Ï„Î¿Ï…Ï‚ Ï‡ÏÎ®ÏƒÏ„ÎµÏ‚, Î· Ï€
                                                  Î»Î±Ï„Ï†ÏŒÏÎ¼Î± Reddit Ï€...

You may provide a definition with
\DeclareUnicodeCharacter 


! LaTeX Error: Unicode character Î» (U+03BB)
               not set up for use with LaTeX.

See the LaTeX manual or LaTeX Companion for explanation.
Type  H <return>  for immediate help.
 ...                                              
                                                  
l.13 ...Î¯Î¶ÎµÎ¹ Ï„Î¿Ï…Ï‚ Ï‡ÏÎ®ÏƒÏ„ÎµÏ‚, Î· Ï€Î»
                                                  Î±Ï„Ï†ÏŒÏÎ¼Î± Reddit Ï€Ï...

You may provide a definition with
\DeclareUnicodeCharacter 


! LaTeX Error: Unicode character Î± (U+03B1)
               not set up for use with LaTeX.

See the LaTeX manual or LaTeX Companion for explanation.
Type  H <return>  for immediate help.
 ...                                              
                                                  
l.13 ...¯Î¶ÎµÎ¹ Ï„Î¿Ï…Ï‚ Ï‡ÏÎ®ÏƒÏ„ÎµÏ‚, Î· Ï€Î»Î±
                                                  Ï„Ï†ÏŒÏÎ¼Î± Reddit Ï€ÏÎ¿...

You may provide a definition with
\DeclareUnicodeCharacter 


! LaTeX Error: Unicode character Ï„ (U+03C4)
               not set up for use with LaTeX.

See the LaTeX manual or LaTeX Companion for explanation.
Type  H <return>  for immediate help.
 ...                                              
                                                  
l.13 ...¶ÎµÎ¹ Ï„Î¿Ï…Ï‚ Ï‡ÏÎ®ÏƒÏ„ÎµÏ‚, Î· Ï€Î»Î±Ï„
                                                  Ï†ÏŒÏÎ¼Î± Reddit Ï€ÏÎ¿Ïƒ...

You may provide a definition with
\DeclareUnicodeCharacter 


! LaTeX Error: Unicode character Ï† (U+03C6)
               not set up for use with LaTeX.

See the LaTeX manual or LaTeX Companion for explanation.
Type  H <return>  for immediate help.
 ...                                              
                                                  
l.13 ...µÎ¹ Ï„Î¿Ï…Ï‚ Ï‡ÏÎ®ÏƒÏ„ÎµÏ‚, Î· Ï€Î»Î±Ï„Ï†
                                                  ÏŒÏÎ¼Î± Reddit Ï€ÏÎ¿ÏƒÏ†...

You may provide a definition with
\DeclareUnicodeCharacter 


! LaTeX Error: Unicode character ÏŒ (U+03CC)
               not set up for use with LaTeX.

See the LaTeX manual or LaTeX Companion for explanation.
Type  H <return>  for immediate help.
 ...                                              
                                                  
l.13 ...¹ Ï„Î¿Ï…Ï‚ Ï‡ÏÎ®ÏƒÏ„ÎµÏ‚, Î· Ï€Î»Î±Ï„Ï†ÏŒ
                                                  ÏÎ¼Î± Reddit Ï€ÏÎ¿ÏƒÏ†Î­...

You may provide a definition with
\DeclareUnicodeCharacter 


! LaTeX Error: Unicode character Ï (U+03C1)
               not set up for use with LaTeX.

See the LaTeX manual or LaTeX Companion for explanation.
Type  H <return>  for immediate help.
 ...                                              
                                                  
l.13 ...Ï„Î¿Ï…Ï‚ Ï‡ÏÎ®ÏƒÏ„ÎµÏ‚, Î· Ï€Î»Î±Ï„Ï†ÏŒÏ
                                                  Î¼Î± Reddit Ï€ÏÎ¿ÏƒÏ†Î­Ï...

You may provide a definition with
\DeclareUnicodeCharacter 


! LaTeX Error: Unicode character Î¼ (U+03BC)
               not set up for use with LaTeX.

See the LaTeX manual or LaTeX Companion for explanation.
Type  H <return>  for immediate help.
 ...                                              
                                                  
l.13 ...Î¿Ï…Ï‚ Ï‡ÏÎ®ÏƒÏ„ÎµÏ‚, Î· Ï€Î»Î±Ï„Ï†ÏŒÏÎ¼
                                                  Î± Reddit Ï€ÏÎ¿ÏƒÏ†Î­ÏÎµ...

You may provide a definition with
\DeclareUnicodeCharacter 


! LaTeX Error: Unicode character Î± (U+03B1)
               not set up for use with LaTeX.

See the LaTeX manual or LaTeX Companion for explanation.
Type  H <return>  for immediate help.
 ...                                              
                                                  
l.13 ...Ï…Ï‚ Ï‡ÏÎ®ÏƒÏ„ÎµÏ‚, Î· Ï€Î»Î±Ï„Ï†ÏŒÏÎ¼Î±
                                                   Reddit Ï€ÏÎ¿ÏƒÏ†Î­ÏÎµÎ¹...

You may provide a definition with
\DeclareUnicodeCharacter 


! LaTeX Error: Unicode character Ï€ (U+03C0)
               not set up for use with LaTeX.

See the LaTeX manual or LaTeX Companion for explanation.
Type  H <return>  for immediate help.
 ...                                              
                                                  
l.13 ...®ÏƒÏ„ÎµÏ‚, Î· Ï€Î»Î±Ï„Ï†ÏŒÏÎ¼Î± Reddit Ï€
                                                  ÏÎ¿ÏƒÏ†Î­ÏÎµÎ¹ Î¼Î¹Î± Ï€...

You may provide a definition with
\DeclareUnicodeCharacter 


! LaTeX Error: Unicode character Ï (U+03C1)
               not set up for use with LaTeX.

See the LaTeX manual or LaTeX Companion for explanation.
Type  H <return>  for immediate help.
 ...                                              
                                                  
l.13 ...ƒÏ„ÎµÏ‚, Î· Ï€Î»Î±Ï„Ï†ÏŒÏÎ¼Î± Reddit Ï€Ï
                                                  Î¿ÏƒÏ†Î­ÏÎµÎ¹ Î¼Î¹Î± Ï€Î»...

You may provide a definition with
\DeclareUnicodeCharacter 


! LaTeX Error: Unicode character Î¿ (U+03BF)
               not set up for use with LaTeX.

See the LaTeX manual or LaTeX Companion for explanation.
Type  H <return>  for immediate help.
 ...                                              
                                                  
l.13 ...„ÎµÏ‚, Î· Ï€Î»Î±Ï„Ï†ÏŒÏÎ¼Î± Reddit Ï€ÏÎ¿
                                                  ÏƒÏ†Î­ÏÎµÎ¹ Î¼Î¹Î± Ï€Î»Î¿...

You may provide a definition with
\DeclareUnicodeCharacter 


! LaTeX Error: Unicode character Ïƒ (U+03C3)
               not set up for use with LaTeX.

See the LaTeX manual or LaTeX Companion for explanation.
Type  H <return>  for immediate help.
 ...                                              
                                                  
l.13 ...µÏ‚, Î· Ï€Î»Î±Ï„Ï†ÏŒÏÎ¼Î± Reddit Ï€ÏÎ¿Ïƒ
                                                  Ï†Î­ÏÎµÎ¹ Î¼Î¹Î± Ï€Î»Î¿Ï...

You may provide a definition with
\DeclareUnicodeCharacter 


! LaTeX Error: Unicode character Ï† (U+03C6)
               not set up for use with LaTeX.

See the LaTeX manual or LaTeX Companion for explanation.
Type  H <return>  for immediate help.
 ...                                              
                                                  
l.13 ...‚, Î· Ï€Î»Î±Ï„Ï†ÏŒÏÎ¼Î± Reddit Ï€ÏÎ¿ÏƒÏ†
                                                  Î­ÏÎµÎ¹ Î¼Î¹Î± Ï€Î»Î¿ÏÏƒ...

You may provide a definition with
\DeclareUnicodeCharacter 


! LaTeX Error: Unicode character Î­ (U+03AD)
               not set up for use with LaTeX.

See the LaTeX manual or LaTeX Companion for explanation.
Type  H <return>  for immediate help.
 ...                                              
                                                  
l.13 ... Î· Ï€Î»Î±Ï„Ï†ÏŒÏÎ¼Î± Reddit Ï€ÏÎ¿ÏƒÏ†Î­
                                                  ÏÎµÎ¹ Î¼Î¹Î± Ï€Î»Î¿ÏÏƒÎ¹...

You may provide a definition with
\DeclareUnicodeCharacter 


! LaTeX Error: Unicode character Ï (U+03C1)
               not set up for use with LaTeX.

See the LaTeX manual or LaTeX Companion for explanation.
Type  H <return>  for immediate help.
 ...                                              
                                                  
l.13 ...· Ï€Î»Î±Ï„Ï†ÏŒÏÎ¼Î± Reddit Ï€ÏÎ¿ÏƒÏ†Î­Ï
                                                  ÎµÎ¹ Î¼Î¹Î± Ï€Î»Î¿ÏÏƒÎ¹Î±...

You may provide a definition with
\DeclareUnicodeCharacter 


! LaTeX Error: Unicode character Îµ (U+03B5)
               not set up for use with LaTeX.

See the LaTeX manual or LaTeX Companion for explanation.
Type  H <return>  for immediate help.
 ...                                              
                                                  
l.13 ...Ï€Î»Î±Ï„Ï†ÏŒÏÎ¼Î± Reddit Ï€ÏÎ¿ÏƒÏ†Î­ÏÎµ
                                                  Î¹ Î¼Î¹Î± Ï€Î»Î¿ÏÏƒÎ¹Î± Ï...

You may provide a definition with
\DeclareUnicodeCharacter 


! LaTeX Error: Unicode character Î¹ (U+03B9)
               not set up for use with LaTeX.

See the LaTeX manual or LaTeX Companion for explanation.
Type  H <return>  for immediate help.
 ...                                              
                                                  
l.13 ...Î»Î±Ï„Ï†ÏŒÏÎ¼Î± Reddit Ï€ÏÎ¿ÏƒÏ†Î­ÏÎµÎ¹
                                                   Î¼Î¹Î± Ï€Î»Î¿ÏÏƒÎ¹Î± Ï€Î...

You may provide a definition with
\DeclareUnicodeCharacter 


! LaTeX Error: Unicode character Î¼ (U+03BC)
               not set up for use with LaTeX.

See the LaTeX manual or LaTeX Companion for explanation.
Type  H <return>  for immediate help.
 ...                                              
                                                  
l.13 ...±Ï„Ï†ÏŒÏÎ¼Î± Reddit Ï€ÏÎ¿ÏƒÏ†Î­ÏÎµÎ¹ Î¼
                                                  Î¹Î± Ï€Î»Î¿ÏÏƒÎ¹Î± Ï€Î·Î³...

You may provide a definition with
\DeclareUnicodeCharacter 


! LaTeX Error: Unicode character Î¹ (U+03B9)
               not set up for use with LaTeX.

See the LaTeX manual or LaTeX Companion for explanation.
Type  H <return>  for immediate help.
 ...                                              
                                                  
l.13 ...„Ï†ÏŒÏÎ¼Î± Reddit Ï€ÏÎ¿ÏƒÏ†Î­ÏÎµÎ¹ Î¼Î¹
                                                  Î± Ï€Î»Î¿ÏÏƒÎ¹Î± Ï€Î·Î³Î®...

You may provide a definition with
\DeclareUnicodeCharacter 


! LaTeX Error: Unicode character Î± (U+03B1)
               not set up for use with LaTeX.

See the LaTeX manual or LaTeX Companion for explanation.
Type  H <return>  for immediate help.
 ...                                              
                                                  
l.13 ...†ÏŒÏÎ¼Î± Reddit Ï€ÏÎ¿ÏƒÏ†Î­ÏÎµÎ¹ Î¼Î¹Î±
                                                   Ï€Î»Î¿ÏÏƒÎ¹Î± Ï€Î·Î³Î® Î...

You may provide a definition with
\DeclareUnicodeCharacter 


! LaTeX Error: Unicode character Ï€ (U+03C0)
               not set up for use with LaTeX.

See the LaTeX manual or LaTeX Companion for explanation.
Type  H <return>  for immediate help.
 ...                                              
                                                  
l.13 ...ÏÎ¼Î± Reddit Ï€ÏÎ¿ÏƒÏ†Î­ÏÎµÎ¹ Î¼Î¹Î± Ï€
                                                  Î»Î¿ÏÏƒÎ¹Î± Ï€Î·Î³Î® Î±Î½...

You may provide a definition with
\DeclareUnicodeCharacter 


! LaTeX Error: Unicode character Î» (U+03BB)
               not set up for use with LaTeX.

See the LaTeX manual or LaTeX Companion for explanation.
Type  H <return>  for immediate help.
 ...                                              
                                                  
l.13 ...Î¼Î± Reddit Ï€ÏÎ¿ÏƒÏ†Î­ÏÎµÎ¹ Î¼Î¹Î± Ï€Î»
                                                  Î¿ÏÏƒÎ¹Î± Ï€Î·Î³Î® Î±Î½Ï„...

You may provide a definition with
\DeclareUnicodeCharacter 


! LaTeX Error: Unicode character Î¿ (U+03BF)
               not set up for use with LaTeX.

See the LaTeX manual or LaTeX Companion for explanation.
Type  H <return>  for immediate help.
 ...                                              
                                                  
l.13 ...Î± Reddit Ï€ÏÎ¿ÏƒÏ†Î­ÏÎµÎ¹ Î¼Î¹Î± Ï€Î»Î¿
                                                  ÏÏƒÎ¹Î± Ï€Î·Î³Î® Î±Î½Ï„Î±...

You may provide a definition with
\DeclareUnicodeCharacter 


! LaTeX Error: Unicode character Ï (U+03CD)
               not set up for use with LaTeX.

See the LaTeX manual or LaTeX Companion for explanation.
Type  H <return>  for immediate help.
 ...                                              
                                                  
l.13 ... Reddit Ï€ÏÎ¿ÏƒÏ†Î­ÏÎµÎ¹ Î¼Î¹Î± Ï€Î»Î¿Ï
                                                  ÏƒÎ¹Î± Ï€Î·Î³Î® Î±Î½Ï„Î±Î»...

You may provide a definition with
\DeclareUnicodeCharacter 


! LaTeX Error: Unicode character Ïƒ (U+03C3)
               not set up for use with LaTeX.

See the LaTeX manual or LaTeX Companion for explanation.
Type  H <return>  for immediate help.
 ...                                              
                                                  
l.13 ...eddit Ï€ÏÎ¿ÏƒÏ†Î­ÏÎµÎ¹ Î¼Î¹Î± Ï€Î»Î¿ÏÏƒ
                                                  Î¹Î± Ï€Î·Î³Î® Î±Î½Ï„Î±Î»Î»...

You may provide a definition with
\DeclareUnicodeCharacter 


! LaTeX Error: Unicode character Î¹ (U+03B9)
               not set up for use with LaTeX.

See the LaTeX manual or LaTeX Companion for explanation.
Type  H <return>  for immediate help.
 ...                                              
                                                  
l.13 ...dit Ï€ÏÎ¿ÏƒÏ†Î­ÏÎµÎ¹ Î¼Î¹Î± Ï€Î»Î¿ÏÏƒÎ¹
                                                  Î± Ï€Î·Î³Î® Î±Î½Ï„Î±Î»Î»Î±...

You may provide a definition with
\DeclareUnicodeCharacter 


! LaTeX Error: Unicode character Î± (U+03B1)
               not set up for use with LaTeX.

See the LaTeX manual or LaTeX Companion for explanation.
Type  H <return>  for immediate help.
 ...                                              
                                                  
l.13 ...t Ï€ÏÎ¿ÏƒÏ†Î­ÏÎµÎ¹ Î¼Î¹Î± Ï€Î»Î¿ÏÏƒÎ¹Î±
                                                   Ï€Î·Î³Î® Î±Î½Ï„Î±Î»Î»Î±Î³...

You may provide a definition with
\DeclareUnicodeCharacter 


! LaTeX Error: Unicode character Ï€ (U+03C0)
               not set up for use with LaTeX.

See the LaTeX manual or LaTeX Companion for explanation.
Type  H <return>  for immediate help.
 ...                                              
                                                  
l.13 ...€ÏÎ¿ÏƒÏ†Î­ÏÎµÎ¹ Î¼Î¹Î± Ï€Î»Î¿ÏÏƒÎ¹Î± Ï€
                                                  Î·Î³Î® Î±Î½Ï„Î±Î»Î»Î±Î³Î®Ï...

You may provide a definition with
\DeclareUnicodeCharacter 


! LaTeX Error: Unicode character Î· (U+03B7)
               not set up for use with LaTeX.

See the LaTeX manual or LaTeX Companion for explanation.
Type  H <return>  for immediate help.
 ...                                              
                                                  
l.13 ...Î¿ÏƒÏ†Î­ÏÎµÎ¹ Î¼Î¹Î± Ï€Î»Î¿ÏÏƒÎ¹Î± Ï€Î·
                                                  Î³Î® Î±Î½Ï„Î±Î»Î»Î±Î³Î®Ï‚ ...

You may provide a definition with
\DeclareUnicodeCharacter 


! LaTeX Error: Unicode character Î³ (U+03B3)
               not set up for use with LaTeX.

See the LaTeX manual or LaTeX Companion for explanation.
Type  H <return>  for immediate help.
 ...                                              
                                                  
l.13 ...¿ÏƒÏ†Î­ÏÎµÎ¹ Î¼Î¹Î± Ï€Î»Î¿ÏÏƒÎ¹Î± Ï€Î·Î³
                                                  Î® Î±Î½Ï„Î±Î»Î»Î±Î³Î®Ï‚ Ïƒ...

You may provide a definition with
\DeclareUnicodeCharacter 


! LaTeX Error: Unicode character Î® (U+03AE)
               not set up for use with LaTeX.

See the LaTeX manual or LaTeX Companion for explanation.
Type  H <return>  for immediate help.
 ...                                              
                                                  
l.13 ...ƒÏ†Î­ÏÎµÎ¹ Î¼Î¹Î± Ï€Î»Î¿ÏÏƒÎ¹Î± Ï€Î·Î³Î®
                                                   Î±Î½Ï„Î±Î»Î»Î±Î³Î®Ï‚ ÏƒÎº...

You may provide a definition with
\DeclareUnicodeCharacter 


! LaTeX Error: Unicode character Î± (U+03B1)
               not set up for use with LaTeX.

See the LaTeX manual or LaTeX Companion for explanation.
Type  H <return>  for immediate help.
 ...                                              
                                                  
l.13 ...Î­ÏÎµÎ¹ Î¼Î¹Î± Ï€Î»Î¿ÏÏƒÎ¹Î± Ï€Î·Î³Î® Î±
                                                  Î½Ï„Î±Î»Î»Î±Î³Î®Ï‚ ÏƒÎºÎ­Ï...

You may provide a definition with
\DeclareUnicodeCharacter 


! LaTeX Error: Unicode character Î½ (U+03BD)
               not set up for use with LaTeX.

See the LaTeX manual or LaTeX Companion for explanation.
Type  H <return>  for immediate help.
 ...                                              
                                                  
l.13 ...ÏÎµÎ¹ Î¼Î¹Î± Ï€Î»Î¿ÏÏƒÎ¹Î± Ï€Î·Î³Î® Î±Î½
                                                  Ï„Î±Î»Î»Î±Î³Î®Ï‚ ÏƒÎºÎ­ÏˆÎ...

You may provide a definition with
\DeclareUnicodeCharacter 


! LaTeX Error: Unicode character Ï„ (U+03C4)
               not set up for use with LaTeX.

See the LaTeX manual or LaTeX Companion for explanation.
Type  H <return>  for immediate help.
 ...                                              
                                                  
l.13 ...ÎµÎ¹ Î¼Î¹Î± Ï€Î»Î¿ÏÏƒÎ¹Î± Ï€Î·Î³Î® Î±Î½Ï„
                                                  Î±Î»Î»Î±Î³Î®Ï‚ ÏƒÎºÎ­ÏˆÎµÏ...

You may provide a definition with
\DeclareUnicodeCharacter 


! LaTeX Error: Unicode character Î± (U+03B1)
               not set up for use with LaTeX.

See the LaTeX manual or LaTeX Companion for explanation.
Type  H <return>  for immediate help.
 ...                                              
                                                  
l.13 ...Î¹ Î¼Î¹Î± Ï€Î»Î¿ÏÏƒÎ¹Î± Ï€Î·Î³Î® Î±Î½Ï„Î±
                                                  Î»Î»Î±Î³Î®Ï‚ ÏƒÎºÎ­ÏˆÎµÏ‰Î...

You may provide a definition with
\DeclareUnicodeCharacter 


! LaTeX Error: Unicode character Î» (U+03BB)
               not set up for use with LaTeX.

See the LaTeX manual or LaTeX Companion for explanation.
Type  H <return>  for immediate help.
 ...                                              
                                                  
l.13 ... Î¼Î¹Î± Ï€Î»Î¿ÏÏƒÎ¹Î± Ï€Î·Î³Î® Î±Î½Ï„Î±Î»
                                                  Î»Î±Î³Î®Ï‚ ÏƒÎºÎ­ÏˆÎµÏ‰Î½,...

You may provide a definition with
\DeclareUnicodeCharacter 


! LaTeX Error: Unicode character Î» (U+03BB)
               not set up for use with LaTeX.

See the LaTeX manual or LaTeX Companion for explanation.
Type  H <return>  for immediate help.
 ...                                              
                                                  
l.13 ...¼Î¹Î± Ï€Î»Î¿ÏÏƒÎ¹Î± Ï€Î·Î³Î® Î±Î½Ï„Î±Î»Î»
                                                  Î±Î³Î®Ï‚ ÏƒÎºÎ­ÏˆÎµÏ‰Î½, Î...

You may provide a definition with
\DeclareUnicodeCharacter 


! LaTeX Error: Unicode character Î± (U+03B1)
               not set up for use with LaTeX.

See the LaTeX manual or LaTeX Companion for explanation.
Type  H <return>  for immediate help.
 ...                                              
                                                  
l.13 ...¹Î± Ï€Î»Î¿ÏÏƒÎ¹Î± Ï€Î·Î³Î® Î±Î½Ï„Î±Î»Î»Î±
                                                  Î³Î®Ï‚ ÏƒÎºÎ­ÏˆÎµÏ‰Î½, Î¹Î...

You may provide a definition with
\DeclareUnicodeCharacter 


! LaTeX Error: Unicode character Î³ (U+03B3)
               not set up for use with LaTeX.

See the LaTeX manual or LaTeX Companion for explanation.
Type  H <return>  for immediate help.
 ...                                              
                                                  
l.13 ...± Ï€Î»Î¿ÏÏƒÎ¹Î± Ï€Î·Î³Î® Î±Î½Ï„Î±Î»Î»Î±Î³
                                                  Î®Ï‚ ÏƒÎºÎ­ÏˆÎµÏ‰Î½, Î¹Î´Î...

You may provide a definition with
\DeclareUnicodeCharacter 


! LaTeX Error: Unicode character Î® (U+03AE)
               not set up for use with LaTeX.

See the LaTeX manual or LaTeX Companion for explanation.
Type  H <return>  for immediate help.
 ...                                              
                                                  
l.13 ...Ï€Î»Î¿ÏÏƒÎ¹Î± Ï€Î·Î³Î® Î±Î½Ï„Î±Î»Î»Î±Î³Î®
                                                  Ï‚ ÏƒÎºÎ­ÏˆÎµÏ‰Î½, Î¹Î´ÎµÏ...

You may provide a definition with
\DeclareUnicodeCharacter 


! LaTeX Error: Unicode character Ï‚ (U+03C2)
               not set up for use with LaTeX.

See the LaTeX manual or LaTeX Companion for explanation.
Type  H <return>  for immediate help.
 ...                                              
                                                  
l.13 ...Î»Î¿ÏÏƒÎ¹Î± Ï€Î·Î³Î® Î±Î½Ï„Î±Î»Î»Î±Î³Î®Ï‚
                                                   ÏƒÎºÎ­ÏˆÎµÏ‰Î½, Î¹Î´ÎµÏÎ...

You may provide a definition with
\DeclareUnicodeCharacter 


! LaTeX Error: Unicode character Ïƒ (U+03C3)
               not set up for use with LaTeX.

See the LaTeX manual or LaTeX Companion for explanation.
Type  H <return>  for immediate help.
 ...                                              
                                                  
l.13 ...¿ÏÏƒÎ¹Î± Ï€Î·Î³Î® Î±Î½Ï„Î±Î»Î»Î±Î³Î®Ï‚ Ïƒ
                                                  ÎºÎ­ÏˆÎµÏ‰Î½, Î¹Î´ÎµÏÎ½ Î...

You may provide a definition with
\DeclareUnicodeCharacter 


! LaTeX Error: Unicode character Îº (U+03BA)
               not set up for use with LaTeX.

See the LaTeX manual or LaTeX Companion for explanation.
Type  H <return>  for immediate help.
 ...                                              
                                                  
l.13 ...ÏƒÎ¹Î± Ï€Î·Î³Î® Î±Î½Ï„Î±Î»Î»Î±Î³Î®Ï‚ ÏƒÎº
                                                  Î­ÏˆÎµÏ‰Î½, Î¹Î´ÎµÏÎ½ ÎºÎ...

You may provide a definition with
\DeclareUnicodeCharacter 


! LaTeX Error: Unicode character Î­ (U+03AD)
               not set up for use with LaTeX.

See the LaTeX manual or LaTeX Companion for explanation.
Type  H <return>  for immediate help.
 ...                                              
                                                  
l.13 ...ƒÎ¹Î± Ï€Î·Î³Î® Î±Î½Ï„Î±Î»Î»Î±Î³Î®Ï‚ ÏƒÎºÎ­
                                                  ÏˆÎµÏ‰Î½, Î¹Î´ÎµÏÎ½ ÎºÎ±Î...

You may provide a definition with
\DeclareUnicodeCharacter 


! LaTeX Error: Unicode character Ïˆ (U+03C8)
               not set up for use with LaTeX.

See the LaTeX manual or LaTeX Companion for explanation.
Type  H <return>  for immediate help.
 ...                                              
                                                  
l.13 ...¹Î± Ï€Î·Î³Î® Î±Î½Ï„Î±Î»Î»Î±Î³Î®Ï‚ ÏƒÎºÎ­Ïˆ
                                                  ÎµÏ‰Î½, Î¹Î´ÎµÏÎ½ ÎºÎ±Î¹ ...

You may provide a definition with
\DeclareUnicodeCharacter 


! LaTeX Error: Unicode character Îµ (U+03B5)
               not set up for use with LaTeX.

See the LaTeX manual or LaTeX Companion for explanation.
Type  H <return>  for immediate help.
 ...                                              
                                                  
l.13 ...± Ï€Î·Î³Î® Î±Î½Ï„Î±Î»Î»Î±Î³Î®Ï‚ ÏƒÎºÎ­ÏˆÎµ
                                                  Ï‰Î½, Î¹Î´ÎµÏÎ½ ÎºÎ±Î¹ Ï€...

You may provide a definition with
\DeclareUnicodeCharacter 


! LaTeX Error: Unicode character Ï‰ (U+03C9)
               not set up for use with LaTeX.

See the LaTeX manual or LaTeX Companion for explanation.
Type  H <return>  for immediate help.
 ...                                              
                                                  
l.13 ...Ï€Î·Î³Î® Î±Î½Ï„Î±Î»Î»Î±Î³Î®Ï‚ ÏƒÎºÎ­ÏˆÎµÏ‰
                                                  Î½, Î¹Î´ÎµÏÎ½ ÎºÎ±Î¹ Ï€Î»...

You may provide a definition with
\DeclareUnicodeCharacter 


! LaTeX Error: Unicode character Î½ (U+03BD)
               not set up for use with LaTeX.

See the LaTeX manual or LaTeX Companion for explanation.
Type  H <return>  for immediate help.
 ...                                              
                                                  
l.13 ...Î·Î³Î® Î±Î½Ï„Î±Î»Î»Î±Î³Î®Ï‚ ÏƒÎºÎ­ÏˆÎµÏ‰Î½
                                                  , Î¹Î´ÎµÏÎ½ ÎºÎ±Î¹ Ï€Î»Î·...

You may provide a definition with
\DeclareUnicodeCharacter 


! LaTeX Error: Unicode character Î¹ (U+03B9)
               not set up for use with LaTeX.

See the LaTeX manual or LaTeX Companion for explanation.
Type  H <return>  for immediate help.
 ...                                              
                                                  
l.13 ...Î® Î±Î½Ï„Î±Î»Î»Î±Î³Î®Ï‚ ÏƒÎºÎ­ÏˆÎµÏ‰Î½, Î¹
                                                  Î´ÎµÏÎ½ ÎºÎ±Î¹ Ï€Î»Î·ÏÎ¿...

You may provide a definition with
\DeclareUnicodeCharacter 


! LaTeX Error: Unicode character Î´ (U+03B4)
               not set up for use with LaTeX.

See the LaTeX manual or LaTeX Companion for explanation.
Type  H <return>  for immediate help.
 ...                                              
                                                  
l.13 ... Î±Î½Ï„Î±Î»Î»Î±Î³Î®Ï‚ ÏƒÎºÎ­ÏˆÎµÏ‰Î½, Î¹Î´
                                                  ÎµÏÎ½ ÎºÎ±Î¹ Ï€Î»Î·ÏÎ¿Ï†...

You may provide a definition with
\DeclareUnicodeCharacter 


! LaTeX Error: Unicode character Îµ (U+03B5)
               not set up for use with LaTeX.

See the LaTeX manual or LaTeX Companion for explanation.
Type  H <return>  for immediate help.
 ...                                              
                                                  
l.13 ...±Î½Ï„Î±Î»Î»Î±Î³Î®Ï‚ ÏƒÎºÎ­ÏˆÎµÏ‰Î½, Î¹Î´Îµ
                                                  ÏÎ½ ÎºÎ±Î¹ Ï€Î»Î·ÏÎ¿Ï†Î¿...

You may provide a definition with
\DeclareUnicodeCharacter 


! LaTeX Error: Unicode character Ï (U+03CE)
               not set up for use with LaTeX.

See the LaTeX manual or LaTeX Companion for explanation.
Type  H <return>  for immediate help.
 ...                                              
                                                  
l.13 ...½Ï„Î±Î»Î»Î±Î³Î®Ï‚ ÏƒÎºÎ­ÏˆÎµÏ‰Î½, Î¹Î´ÎµÏ
                                                  Î½ ÎºÎ±Î¹ Ï€Î»Î·ÏÎ¿Ï†Î¿Ï...

You may provide a definition with
\DeclareUnicodeCharacter 


! LaTeX Error: Unicode character Î½ (U+03BD)
               not set up for use with LaTeX.

See the LaTeX manual or LaTeX Companion for explanation.
Type  H <return>  for immediate help.
 ...                                              
                                                  
l.13 ...„Î±Î»Î»Î±Î³Î®Ï‚ ÏƒÎºÎ­ÏˆÎµÏ‰Î½, Î¹Î´ÎµÏÎ½
                                                   ÎºÎ±Î¹ Ï€Î»Î·ÏÎ¿Ï†Î¿ÏÎ¹...

You may provide a definition with
\DeclareUnicodeCharacter 


! LaTeX Error: Unicode character Îº (U+03BA)
               not set up for use with LaTeX.

See the LaTeX manual or LaTeX Companion for explanation.
Type  H <return>  for immediate help.
 ...                                              
                                                  
l.13 ...Î»Î»Î±Î³Î®Ï‚ ÏƒÎºÎ­ÏˆÎµÏ‰Î½, Î¹Î´ÎµÏÎ½ Îº
                                                  Î±Î¹ Ï€Î»Î·ÏÎ¿Ï†Î¿ÏÎ¹ÏÎ...

You may provide a definition with
\DeclareUnicodeCharacter 


! LaTeX Error: Unicode character Î± (U+03B1)
               not set up for use with LaTeX.

See the LaTeX manual or LaTeX Companion for explanation.
Type  H <return>  for immediate help.
 ...                                              
                                                  
l.13 ...Î»Î±Î³Î®Ï‚ ÏƒÎºÎ­ÏˆÎµÏ‰Î½, Î¹Î´ÎµÏÎ½ ÎºÎ±
                                                  Î¹ Ï€Î»Î·ÏÎ¿Ï†Î¿ÏÎ¹ÏÎ½ ...

You may provide a definition with
\DeclareUnicodeCharacter 


! LaTeX Error: Unicode character Î¹ (U+03B9)
               not set up for use with LaTeX.

See the LaTeX manual or LaTeX Companion for explanation.
Type  H <return>  for immediate help.
 ...                                              
                                                  
l.13 ...Î±Î³Î®Ï‚ ÏƒÎºÎ­ÏˆÎµÏ‰Î½, Î¹Î´ÎµÏÎ½ ÎºÎ±Î¹
                                                   Ï€Î»Î·ÏÎ¿Ï†Î¿ÏÎ¹ÏÎ½ Ï€...

You may provide a definition with
\DeclareUnicodeCharacter 


! LaTeX Error: Unicode character Ï€ (U+03C0)
               not set up for use with LaTeX.

See the LaTeX manual or LaTeX Companion for explanation.
Type  H <return>  for immediate help.
 ...                                              
                                                  
l.13 ...³Î®Ï‚ ÏƒÎºÎ­ÏˆÎµÏ‰Î½, Î¹Î´ÎµÏÎ½ ÎºÎ±Î¹ Ï€
                                                  Î»Î·ÏÎ¿Ï†Î¿ÏÎ¹ÏÎ½ Ï€Î¿Ï...

You may provide a definition with
\DeclareUnicodeCharacter 


! LaTeX Error: Unicode character Î» (U+03BB)
               not set up for use with LaTeX.

See the LaTeX manual or LaTeX Companion for explanation.
Type  H <return>  for immediate help.
 ...                                              
                                                  
l.13 ...®Ï‚ ÏƒÎºÎ­ÏˆÎµÏ‰Î½, Î¹Î´ÎµÏÎ½ ÎºÎ±Î¹ Ï€Î»
                                                  Î·ÏÎ¿Ï†Î¿ÏÎ¹ÏÎ½ Ï€Î¿Ï… ...

You may provide a definition with
\DeclareUnicodeCharacter 


! LaTeX Error: Unicode character Î· (U+03B7)
               not set up for use with LaTeX.

See the LaTeX manual or LaTeX Companion for explanation.
Type  H <return>  for immediate help.
 ...                                              
                                                  
l.13 ...‚ ÏƒÎºÎ­ÏˆÎµÏ‰Î½, Î¹Î´ÎµÏÎ½ ÎºÎ±Î¹ Ï€Î»Î·
                                                  ÏÎ¿Ï†Î¿ÏÎ¹ÏÎ½ Ï€Î¿Ï… Î±...

You may provide a definition with
\DeclareUnicodeCharacter 


! LaTeX Error: Unicode character Ï (U+03C1)
               not set up for use with LaTeX.

See the LaTeX manual or LaTeX Companion for explanation.
Type  H <return>  for immediate help.
 ...                                              
                                                  
l.13 ...ÏƒÎºÎ­ÏˆÎµÏ‰Î½, Î¹Î´ÎµÏÎ½ ÎºÎ±Î¹ Ï€Î»Î·Ï
                                                  Î¿Ï†Î¿ÏÎ¹ÏÎ½ Ï€Î¿Ï… Î±Ï†...

You may provide a definition with
\DeclareUnicodeCharacter 


! LaTeX Error: Unicode character Î¿ (U+03BF)
               not set up for use with LaTeX.

See the LaTeX manual or LaTeX Companion for explanation.
Type  H <return>  for immediate help.
 ...                                              
                                                  
l.13 ...ÎºÎ­ÏˆÎµÏ‰Î½, Î¹Î´ÎµÏÎ½ ÎºÎ±Î¹ Ï€Î»Î·ÏÎ¿
                                                  Ï†Î¿ÏÎ¹ÏÎ½ Ï€Î¿Ï… Î±Ï†Î¿...

You may provide a definition with
\DeclareUnicodeCharacter 


! LaTeX Error: Unicode character Ï† (U+03C6)
               not set up for use with LaTeX.

See the LaTeX manual or LaTeX Companion for explanation.
Type  H <return>  for immediate help.
 ...                                              
                                                  
l.13 ...Î­ÏˆÎµÏ‰Î½, Î¹Î´ÎµÏÎ½ ÎºÎ±Î¹ Ï€Î»Î·ÏÎ¿Ï†
                                                  Î¿ÏÎ¹ÏÎ½ Ï€Î¿Ï… Î±Ï†Î¿Ï...

You may provide a definition with
\DeclareUnicodeCharacter 


! LaTeX Error: Unicode character Î¿ (U+03BF)
               not set up for use with LaTeX.

See the LaTeX manual or LaTeX Companion for explanation.
Type  H <return>  for immediate help.
 ...                                              
                                                  
l.13 ...ÏˆÎµÏ‰Î½, Î¹Î´ÎµÏÎ½ ÎºÎ±Î¹ Ï€Î»Î·ÏÎ¿Ï†Î¿
                                                  ÏÎ¹ÏÎ½ Ï€Î¿Ï… Î±Ï†Î¿ÏÎ¿...

You may provide a definition with
\DeclareUnicodeCharacter 


! LaTeX Error: Unicode character Ï (U+03C1)
               not set up for use with LaTeX.

See the LaTeX manual or LaTeX Companion for explanation.
Type  H <return>  for immediate help.
 ...                                              
                                                  
l.13 ...ÎµÏ‰Î½, Î¹Î´ÎµÏÎ½ ÎºÎ±Î¹ Ï€Î»Î·ÏÎ¿Ï†Î¿Ï
                                                  Î¹ÏÎ½ Ï€Î¿Ï… Î±Ï†Î¿ÏÎ¿Ï...

You may provide a definition with
\DeclareUnicodeCharacter 


! LaTeX Error: Unicode character Î¹ (U+03B9)
               not set up for use with LaTeX.

See the LaTeX manual or LaTeX Companion for explanation.
Type  H <return>  for immediate help.
 ...                                              
                                                  
l.13 ...Ï‰Î½, Î¹Î´ÎµÏÎ½ ÎºÎ±Î¹ Ï€Î»Î·ÏÎ¿Ï†Î¿ÏÎ¹
                                                  ÏÎ½ Ï€Î¿Ï… Î±Ï†Î¿ÏÎ¿ÏÎ½...

You may provide a definition with
\DeclareUnicodeCharacter 


! LaTeX Error: Unicode character Ï (U+03CE)
               not set up for use with LaTeX.

See the LaTeX manual or LaTeX Companion for explanation.
Type  H <return>  for immediate help.
 ...                                              
                                                  
l.13 ...Î½, Î¹Î´ÎµÏÎ½ ÎºÎ±Î¹ Ï€Î»Î·ÏÎ¿Ï†Î¿ÏÎ¹Ï
                                                  Î½ Ï€Î¿Ï… Î±Ï†Î¿ÏÎ¿ÏÎ½ Î...

You may provide a definition with
\DeclareUnicodeCharacter 


! LaTeX Error: Unicode character Î½ (U+03BD)
               not set up for use with LaTeX.

See the LaTeX manual or LaTeX Companion for explanation.
Type  H <return>  for immediate help.
 ...                                              
                                                  
l.13 ..., Î¹Î´ÎµÏÎ½ ÎºÎ±Î¹ Ï€Î»Î·ÏÎ¿Ï†Î¿ÏÎ¹ÏÎ½
                                                   Ï€Î¿Ï… Î±Ï†Î¿ÏÎ¿ÏÎ½ Î´Î...

You may provide a definition with
\DeclareUnicodeCharacter 


! LaTeX Error: Unicode character Ï€ (U+03C0)
               not set up for use with LaTeX.

See the LaTeX manual or LaTeX Companion for explanation.
Type  H <return>  for immediate help.
 ...                                              
                                                  
l.13 ...¹Î´ÎµÏÎ½ ÎºÎ±Î¹ Ï€Î»Î·ÏÎ¿Ï†Î¿ÏÎ¹ÏÎ½ Ï€
                                                  Î¿Ï… Î±Ï†Î¿ÏÎ¿ÏÎ½ Î´Î¹Î¬...

You may provide a definition with
\DeclareUnicodeCharacter 


! LaTeX Error: Unicode character Î¿ (U+03BF)
               not set up for use with LaTeX.

See the LaTeX manual or LaTeX Companion for explanation.
Type  H <return>  for immediate help.
 ...                                              
                                                  
l.13 ...´ÎµÏÎ½ ÎºÎ±Î¹ Ï€Î»Î·ÏÎ¿Ï†Î¿ÏÎ¹ÏÎ½ Ï€Î¿
                                                  Ï… Î±Ï†Î¿ÏÎ¿ÏÎ½ Î´Î¹Î¬Ï†...

You may provide a definition with
\DeclareUnicodeCharacter 


! LaTeX Error: Unicode character Ï… (U+03C5)
               not set up for use with LaTeX.

See the LaTeX manual or LaTeX Companion for explanation.
Type  H <return>  for immediate help.
 ...                                              
                                                  
l.13 ...µÏÎ½ ÎºÎ±Î¹ Ï€Î»Î·ÏÎ¿Ï†Î¿ÏÎ¹ÏÎ½ Ï€Î¿Ï…
                                                   Î±Ï†Î¿ÏÎ¿ÏÎ½ Î´Î¹Î¬Ï†Î¿...

You may provide a definition with
\DeclareUnicodeCharacter 


! LaTeX Error: Unicode character Î± (U+03B1)
               not set up for use with LaTeX.

See the LaTeX manual or LaTeX Companion for explanation.
Type  H <return>  for immediate help.
 ...                                              
                                                  
l.13 ...Î½ ÎºÎ±Î¹ Ï€Î»Î·ÏÎ¿Ï†Î¿ÏÎ¹ÏÎ½ Ï€Î¿Ï… Î±
                                                  Ï†Î¿ÏÎ¿ÏÎ½ Î´Î¹Î¬Ï†Î¿ÏÎ...

You may provide a definition with
\DeclareUnicodeCharacter 


! LaTeX Error: Unicode character Ï† (U+03C6)
               not set up for use with LaTeX.

See the LaTeX manual or LaTeX Companion for explanation.
Type  H <return>  for immediate help.
 ...                                              
                                                  
l.13 ... ÎºÎ±Î¹ Ï€Î»Î·ÏÎ¿Ï†Î¿ÏÎ¹ÏÎ½ Ï€Î¿Ï… Î±Ï†
                                                  Î¿ÏÎ¿ÏÎ½ Î´Î¹Î¬Ï†Î¿ÏÎµÏ...

You may provide a definition with
\DeclareUnicodeCharacter 


! LaTeX Error: Unicode character Î¿ (U+03BF)
               not set up for use with LaTeX.

See the LaTeX manual or LaTeX Companion for explanation.
Type  H <return>  for immediate help.
 ...                                              
                                                  
l.13 ...ºÎ±Î¹ Ï€Î»Î·ÏÎ¿Ï†Î¿ÏÎ¹ÏÎ½ Ï€Î¿Ï… Î±Ï†Î¿
                                                  ÏÎ¿ÏÎ½ Î´Î¹Î¬Ï†Î¿ÏÎµÏ‚ ...

You may provide a definition with
\DeclareUnicodeCharacter 


! LaTeX Error: Unicode character Ï (U+03C1)
               not set up for use with LaTeX.

See the LaTeX manual or LaTeX Companion for explanation.
Type  H <return>  for immediate help.
 ...                                              
                                                  
l.13 ...±Î¹ Ï€Î»Î·ÏÎ¿Ï†Î¿ÏÎ¹ÏÎ½ Ï€Î¿Ï… Î±Ï†Î¿Ï
                                                  Î¿ÏÎ½ Î´Î¹Î¬Ï†Î¿ÏÎµÏ‚ Î¬...

You may provide a definition with
\DeclareUnicodeCharacter 


! LaTeX Error: Unicode character Î¿ (U+03BF)
               not set up for use with LaTeX.

See the LaTeX manual or LaTeX Companion for explanation.
Type  H <return>  for immediate help.
 ...                                              
                                                  
l.13 ...¹ Ï€Î»Î·ÏÎ¿Ï†Î¿ÏÎ¹ÏÎ½ Ï€Î¿Ï… Î±Ï†Î¿ÏÎ¿
                                                  ÏÎ½ Î´Î¹Î¬Ï†Î¿ÏÎµÏ‚ Î¬Î¼...

You may provide a definition with
\DeclareUnicodeCharacter 


! LaTeX Error: Unicode character Ï (U+03CD)
               not set up for use with LaTeX.

See the LaTeX manual or LaTeX Companion for explanation.
Type  H <return>  for immediate help.
 ...                                              
                                                  
l.13 ...Ï€Î»Î·ÏÎ¿Ï†Î¿ÏÎ¹ÏÎ½ Ï€Î¿Ï… Î±Ï†Î¿ÏÎ¿Ï
                                                  Î½ Î´Î¹Î¬Ï†Î¿ÏÎµÏ‚ Î¬Î¼Îµ...

You may provide a definition with
\DeclareUnicodeCharacter 


! LaTeX Error: Unicode character Î½ (U+03BD)
               not set up for use with LaTeX.

See the LaTeX manual or LaTeX Companion for explanation.
Type  H <return>  for immediate help.
 ...                                              
                                                  
l.13 ...Î»Î·ÏÎ¿Ï†Î¿ÏÎ¹ÏÎ½ Ï€Î¿Ï… Î±Ï†Î¿ÏÎ¿ÏÎ½
                                                   Î´Î¹Î¬Ï†Î¿ÏÎµÏ‚ Î¬Î¼ÎµÏƒ...

You may provide a definition with
\DeclareUnicodeCharacter 


! LaTeX Error: Unicode character Î´ (U+03B4)
               not set up for use with LaTeX.

See the LaTeX manual or LaTeX Companion for explanation.
Type  H <return>  for immediate help.
 ...                                              
                                                  
l.13 ...·ÏÎ¿Ï†Î¿ÏÎ¹ÏÎ½ Ï€Î¿Ï… Î±Ï†Î¿ÏÎ¿ÏÎ½ Î´
                                                  Î¹Î¬Ï†Î¿ÏÎµÏ‚ Î¬Î¼ÎµÏƒÎµÏ...

You may provide a definition with
\DeclareUnicodeCharacter 


! LaTeX Error: Unicode character Î¹ (U+03B9)
               not set up for use with LaTeX.

See the LaTeX manual or LaTeX Companion for explanation.
Type  H <return>  for immediate help.
 ...                                              
                                                  
l.13 ...Î¿Ï†Î¿ÏÎ¹ÏÎ½ Ï€Î¿Ï… Î±Ï†Î¿ÏÎ¿ÏÎ½ Î´Î¹
                                                  Î¬Ï†Î¿ÏÎµÏ‚ Î¬Î¼ÎµÏƒÎµÏ‚ ...

You may provide a definition with
\DeclareUnicodeCharacter 


! LaTeX Error: Unicode character Î¬ (U+03AC)
               not set up for use with LaTeX.

See the LaTeX manual or LaTeX Companion for explanation.
Type  H <return>  for immediate help.
 ...                                              
                                                  
l.13 ...¿Ï†Î¿ÏÎ¹ÏÎ½ Ï€Î¿Ï… Î±Ï†Î¿ÏÎ¿ÏÎ½ Î´Î¹Î¬
                                                  Ï†Î¿ÏÎµÏ‚ Î¬Î¼ÎµÏƒÎµÏ‚ Î®...

You may provide a definition with
\DeclareUnicodeCharacter 


! LaTeX Error: Unicode character Ï† (U+03C6)
               not set up for use with LaTeX.

See the LaTeX manual or LaTeX Companion for explanation.
Type  H <return>  for immediate help.
 ...                                              
                                                  
l.13 ...†Î¿ÏÎ¹ÏÎ½ Ï€Î¿Ï… Î±Ï†Î¿ÏÎ¿ÏÎ½ Î´Î¹Î¬Ï†
                                                  Î¿ÏÎµÏ‚ Î¬Î¼ÎµÏƒÎµÏ‚ Î® Î...

You may provide a definition with
\DeclareUnicodeCharacter 


! LaTeX Error: Unicode character Î¿ (U+03BF)
               not set up for use with LaTeX.

See the LaTeX manual or LaTeX Companion for explanation.
Type  H <return>  for immediate help.
 ...                                              
                                                  
l.13 ...¿ÏÎ¹ÏÎ½ Ï€Î¿Ï… Î±Ï†Î¿ÏÎ¿ÏÎ½ Î´Î¹Î¬Ï†Î¿
                                                  ÏÎµÏ‚ Î¬Î¼ÎµÏƒÎµÏ‚ Î® Î­Î...

You may provide a definition with
\DeclareUnicodeCharacter 


! LaTeX Error: Unicode character Ï (U+03C1)
               not set up for use with LaTeX.

See the LaTeX manual or LaTeX Companion for explanation.
Type  H <return>  for immediate help.
 ...                                              
                                                  
l.13 ...Î¹ÏÎ½ Ï€Î¿Ï… Î±Ï†Î¿ÏÎ¿ÏÎ½ Î´Î¹Î¬Ï†Î¿Ï
                                                  ÎµÏ‚ Î¬Î¼ÎµÏƒÎµÏ‚ Î® Î­Î¼Î...

You may provide a definition with
\DeclareUnicodeCharacter 


! LaTeX Error: Unicode character Îµ (U+03B5)
               not set up for use with LaTeX.

See the LaTeX manual or LaTeX Companion for explanation.
Type  H <return>  for immediate help.
 ...                                              
                                                  
l.13 ...¹ÏÎ½ Ï€Î¿Ï… Î±Ï†Î¿ÏÎ¿ÏÎ½ Î´Î¹Î¬Ï†Î¿ÏÎµ
                                                  Ï‚ Î¬Î¼ÎµÏƒÎµÏ‚ Î® Î­Î¼Î¼Î...

You may provide a definition with
\DeclareUnicodeCharacter 


! LaTeX Error: Unicode character Ï‚ (U+03C2)
               not set up for use with LaTeX.

See the LaTeX manual or LaTeX Companion for explanation.
Type  H <return>  for immediate help.
 ...                                              
                                                  
l.13 ...Î½ Ï€Î¿Ï… Î±Ï†Î¿ÏÎ¿ÏÎ½ Î´Î¹Î¬Ï†Î¿ÏÎµÏ‚
                                                   Î¬Î¼ÎµÏƒÎµÏ‚ Î® Î­Î¼Î¼ÎµÏ...

You may provide a definition with
\DeclareUnicodeCharacter 


! LaTeX Error: Unicode character Î¬ (U+03AC)
               not set up for use with LaTeX.

See the LaTeX manual or LaTeX Companion for explanation.
Type  H <return>  for immediate help.
 ...                                              
                                                  
l.13 ... Ï€Î¿Ï… Î±Ï†Î¿ÏÎ¿ÏÎ½ Î´Î¹Î¬Ï†Î¿ÏÎµÏ‚ Î¬
                                                  Î¼ÎµÏƒÎµÏ‚ Î® Î­Î¼Î¼ÎµÏƒÎµ...

You may provide a definition with
\DeclareUnicodeCharacter 


! LaTeX Error: Unicode character Î¼ (U+03BC)
               not set up for use with LaTeX.

See the LaTeX manual or LaTeX Companion for explanation.
Type  H <return>  for immediate help.
 ...                                              
                                                  
l.13 ...€Î¿Ï… Î±Ï†Î¿ÏÎ¿ÏÎ½ Î´Î¹Î¬Ï†Î¿ÏÎµÏ‚ Î¬Î¼
                                                  ÎµÏƒÎµÏ‚ Î® Î­Î¼Î¼ÎµÏƒÎµÏ‚...

You may provide a definition with
\DeclareUnicodeCharacter 


! LaTeX Error: Unicode character Îµ (U+03B5)
               not set up for use with LaTeX.

See the LaTeX manual or LaTeX Companion for explanation.
Type  H <return>  for immediate help.
 ...                                              
                                                  
l.13 ...¿Ï… Î±Ï†Î¿ÏÎ¿ÏÎ½ Î´Î¹Î¬Ï†Î¿ÏÎµÏ‚ Î¬Î¼Îµ
                                                  ÏƒÎµÏ‚ Î® Î­Î¼Î¼ÎµÏƒÎµÏ‚ Î...

You may provide a definition with
\DeclareUnicodeCharacter 


! LaTeX Error: Unicode character Ïƒ (U+03C3)
               not set up for use with LaTeX.

See the LaTeX manual or LaTeX Companion for explanation.
Type  H <return>  for immediate help.
 ...                                              
                                                  
l.13 ...… Î±Ï†Î¿ÏÎ¿ÏÎ½ Î´Î¹Î¬Ï†Î¿ÏÎµÏ‚ Î¬Î¼ÎµÏƒ
                                                  ÎµÏ‚ Î® Î­Î¼Î¼ÎµÏƒÎµÏ‚ ÎµÎ...

You may provide a definition with
\DeclareUnicodeCharacter 


! LaTeX Error: Unicode character Îµ (U+03B5)
               not set up for use with LaTeX.

See the LaTeX manual or LaTeX Companion for explanation.
Type  H <return>  for immediate help.
 ...                                              
                                                  
l.13 ...Î±Ï†Î¿ÏÎ¿ÏÎ½ Î´Î¹Î¬Ï†Î¿ÏÎµÏ‚ Î¬Î¼ÎµÏƒÎµ
                                                  Ï‚ Î® Î­Î¼Î¼ÎµÏƒÎµÏ‚ ÎµÎ½Î...

You may provide a definition with
\DeclareUnicodeCharacter 


! LaTeX Error: Unicode character Ï‚ (U+03C2)
               not set up for use with LaTeX.

See the LaTeX manual or LaTeX Companion for explanation.
Type  H <return>  for immediate help.
 ...                                              
                                                  
l.13 ...Ï†Î¿ÏÎ¿ÏÎ½ Î´Î¹Î¬Ï†Î¿ÏÎµÏ‚ Î¬Î¼ÎµÏƒÎµÏ‚
                                                   Î® Î­Î¼Î¼ÎµÏƒÎµÏ‚ ÎµÎ½Î´Î...

You may provide a definition with
\DeclareUnicodeCharacter 


! LaTeX Error: Unicode character Î® (U+03AE)
               not set up for use with LaTeX.

See the LaTeX manual or LaTeX Companion for explanation.
Type  H <return>  for immediate help.
 ...                                              
                                                  
l.13 ...¿ÏÎ¿ÏÎ½ Î´Î¹Î¬Ï†Î¿ÏÎµÏ‚ Î¬Î¼ÎµÏƒÎµÏ‚ Î®
                                                   Î­Î¼Î¼ÎµÏƒÎµÏ‚ ÎµÎ½Î´Î¹Î±...

You may provide a definition with
\DeclareUnicodeCharacter 


! LaTeX Error: Unicode character Î­ (U+03AD)
               not set up for use with LaTeX.

See the LaTeX manual or LaTeX Companion for explanation.
Type  H <return>  for immediate help.
 ...                                              
                                                  
l.13 ...Î¿ÏÎ½ Î´Î¹Î¬Ï†Î¿ÏÎµÏ‚ Î¬Î¼ÎµÏƒÎµÏ‚ Î® Î­
                                                  Î¼Î¼ÎµÏƒÎµÏ‚ ÎµÎ½Î´Î¹Î±Ï†Î...

You may provide a definition with
\DeclareUnicodeCharacter 


! LaTeX Error: Unicode character Î¼ (U+03BC)
               not set up for use with LaTeX.

See the LaTeX manual or LaTeX Companion for explanation.
Type  H <return>  for immediate help.
 ...                                              
                                                  
l.13 ...ÏÎ½ Î´Î¹Î¬Ï†Î¿ÏÎµÏ‚ Î¬Î¼ÎµÏƒÎµÏ‚ Î® Î­Î¼
                                                  Î¼ÎµÏƒÎµÏ‚ ÎµÎ½Î´Î¹Î±Ï†ÎµÏ...

You may provide a definition with
\DeclareUnicodeCharacter 


! LaTeX Error: Unicode character Î¼ (U+03BC)
               not set up for use with LaTeX.

See the LaTeX manual or LaTeX Companion for explanation.
Type  H <return>  for immediate help.
 ...                                              
                                                  
l.13 ...Î½ Î´Î¹Î¬Ï†Î¿ÏÎµÏ‚ Î¬Î¼ÎµÏƒÎµÏ‚ Î® Î­Î¼Î¼
                                                  ÎµÏƒÎµÏ‚ ÎµÎ½Î´Î¹Î±Ï†ÎµÏÏ...

You may provide a definition with
\DeclareUnicodeCharacter 


! LaTeX Error: Unicode character Îµ (U+03B5)
               not set up for use with LaTeX.

See the LaTeX manual or LaTeX Companion for explanation.
Type  H <return>  for immediate help.
 ...                                              
                                                  
l.13 ... Î´Î¹Î¬Ï†Î¿ÏÎµÏ‚ Î¬Î¼ÎµÏƒÎµÏ‚ Î® Î­Î¼Î¼Îµ
                                                  ÏƒÎµÏ‚ ÎµÎ½Î´Î¹Î±Ï†ÎµÏÏŒÎ...

You may provide a definition with
\DeclareUnicodeCharacter 


! LaTeX Error: Unicode character Ïƒ (U+03C3)
               not set up for use with LaTeX.

See the LaTeX manual or LaTeX Companion for explanation.
Type  H <return>  for immediate help.
 ...                                              
                                                  
l.13 ...´Î¹Î¬Ï†Î¿ÏÎµÏ‚ Î¬Î¼ÎµÏƒÎµÏ‚ Î® Î­Î¼Î¼ÎµÏƒ
                                                  ÎµÏ‚ ÎµÎ½Î´Î¹Î±Ï†ÎµÏÏŒÎ½Ï...

You may provide a definition with
\DeclareUnicodeCharacter 


! LaTeX Error: Unicode character Îµ (U+03B5)
               not set up for use with LaTeX.

See the LaTeX manual or LaTeX Companion for explanation.
Type  H <return>  for immediate help.
 ...                                              
                                                  
l.13 ...¹Î¬Ï†Î¿ÏÎµÏ‚ Î¬Î¼ÎµÏƒÎµÏ‚ Î® Î­Î¼Î¼ÎµÏƒÎµ
                                                  Ï‚ ÎµÎ½Î´Î¹Î±Ï†ÎµÏÏŒÎ½Ï„Ï...
(That makes 100 errors; please try again.) 
Here is how much of TeX's memory you used:
 1479 strings out of 477476
 26339 string characters out of 5824244
 1849388 words of memory out of 5000000
 21780 multiletter control sequences out of 15000+600000
 515927 words of font info for 44 fonts, out of 8000000 for 9000
 319 hyphenation exceptions out of 8191
 37i,4n,48p,574b,192s stack positions out of 10000i,1000n,20000p,200000b,200000s

!  ==> Fatal error occurred, no output PDF file produced!
